[    0.000000] Linux version 4.15.0-64-generic (buildd@lgw01-amd64-038) (gcc version 7.4.0 (Ubuntu 7.4.0-1ubuntu1~18.04.1)) #73-Ubuntu SMP Thu Sep 12 13:16:13 UTC 2019 (Ubuntu 4.15.0-64.73-generic 4.15.18)
[    0.000000] Command line: BOOT_IMAGE=/boot/vmlinuz-4.15.0-64-generic root=LABEL=cloudimg-rootfs ro console=tty1 console=ttyS0
[    0.000000] KERNEL supported cpus:
[    0.000000]   Intel GenuineIntel
[    0.000000]   AMD AuthenticAMD
[    0.000000]   Centaur CentaurHauls
[    0.000000] x86/fpu: Supporting XSAVE feature 0x001: 'x87 floating point registers'
[    0.000000] x86/fpu: Supporting XSAVE feature 0x002: 'SSE registers'
[    0.000000] x86/fpu: Supporting XSAVE feature 0x004: 'AVX registers'
[    0.000000] x86/fpu: xstate_offset[2]:  576, xstate_sizes[2]:  256
[    0.000000] x86/fpu: Enabled xstate features 0x7, context size is 832 bytes, using 'standard' format.
[    0.000000] e820: BIOS-provided physical RAM map:
[    0.000000] BIOS-e820: [mem 0x0000000000000000-0x000000000009fbff] usable
[    0.000000] BIOS-e820: [mem 0x000000000009fc00-0x000000000009ffff] reserved
[    0.000000] BIOS-e820: [mem 0x00000000000f0000-0x00000000000fffff] reserved
[    0.000000] BIOS-e820: [mem 0x0000000000100000-0x000000001ffeffff] usable
[    0.000000] BIOS-e820: [mem 0x000000001fff0000-0x000000001fffffff] ACPI data
[    0.000000] BIOS-e820: [mem 0x00000000fec00000-0x00000000fec00fff] reserved
[    0.000000] BIOS-e820: [mem 0x00000000fee00000-0x00000000fee00fff] reserved
[    0.000000] BIOS-e820: [mem 0x00000000fffc0000-0x00000000ffffffff] reserved
[    0.000000] NX (Execute Disable) protection: active
[    0.000000] SMBIOS 2.5 present.
[    0.000000] DMI: innotek GmbH VirtualBox/VirtualBox, BIOS VirtualBox 12/01/2006
[    0.000000] Hypervisor detected: KVM
[    0.000000] e820: last_pfn = 0x1fff0 max_arch_pfn = 0x400000000
[    0.000000] MTRR: Disabled
[    0.000000] x86/PAT: MTRRs disabled, skipping PAT initialization too.
[    0.000000] CPU MTRRs all blank - virtualized system.
[    0.000000] x86/PAT: Configuration [0-7]: WB  WT  UC- UC  WB  WT  UC- UC  
[    0.000000] found SMP MP-table at [mem 0x0009fff0-0x0009ffff]
[    0.000000] Scanning 1 areas for low memory corruption
[    0.000000] RAMDISK: [mem 0x1db88000-0x1ee39fff]
[    0.000000] ACPI: Early table checksum verification disabled
[    0.000000] ACPI: RSDP 0x00000000000E0000 000024 (v02 VBOX  )
[    0.000000] ACPI: XSDT 0x000000001FFF0030 00003C (v01 VBOX   VBOXXSDT 00000001 ASL  00000061)
[    0.000000] ACPI: FACP 0x000000001FFF00F0 0000F4 (v04 VBOX   VBOXFACP 00000001 ASL  00000061)
[    0.000000] ACPI: DSDT 0x000000001FFF0470 0021FF (v02 VBOX   VBOXBIOS 00000002 INTL 20180105)
[    0.000000] ACPI: FACS 0x000000001FFF0200 000040
[    0.000000] ACPI: FACS 0x000000001FFF0200 000040
[    0.000000] ACPI: APIC 0x000000001FFF0240 000054 (v02 VBOX   VBOXAPIC 00000001 ASL  00000061)
[    0.000000] ACPI: SSDT 0x000000001FFF02A0 0001CC (v01 VBOX   VBOXCPUT 00000002 INTL 20180105)
[    0.000000] No NUMA configuration found
[    0.000000] Faking a node at [mem 0x0000000000000000-0x000000001ffeffff]
[    0.000000] NODE_DATA(0) allocated [mem 0x1ffc5000-0x1ffeffff]
[    0.000000] kvm-clock: cpu 0, msr 0:1ff44001, primary cpu clock
[    0.000000] kvm-clock: Using msrs 4b564d01 and 4b564d00
[    0.000000] kvm-clock: using sched offset of 3386423086 cycles
[    0.000000] clocksource: kvm-clock: mask: 0xffffffffffffffff max_cycles: 0x1cd42e4dffb, max_idle_ns: 881590591483 ns
[    0.000000] Zone ranges:
[    0.000000]   DMA      [mem 0x0000000000001000-0x0000000000ffffff]
[    0.000000]   DMA32    [mem 0x0000000001000000-0x000000001ffeffff]
[    0.000000]   Normal   empty
[    0.000000]   Device   empty
[    0.000000] Movable zone start for each node
[    0.000000] Early memory node ranges
[    0.000000]   node   0: [mem 0x0000000000001000-0x000000000009efff]
[    0.000000]   node   0: [mem 0x0000000000100000-0x000000001ffeffff]
[    0.000000] Reserved but unavailable: 98 pages
[    0.000000] Initmem setup node 0 [mem 0x0000000000001000-0x000000001ffeffff]
[    0.000000] ACPI: PM-Timer IO Port: 0x4008
[    0.000000] IOAPIC[0]: apic_id 1, version 32, address 0xfec00000, GSI 0-23
[    0.000000] ACPI: INT_SRC_OVR (bus 0 bus_irq 0 global_irq 2 dfl dfl)
[    0.000000] ACPI: INT_SRC_OVR (bus 0 bus_irq 9 global_irq 9 low level)
[    0.000000] Using ACPI (MADT) for SMP configuration information
[    0.000000] smpboot: Allowing 1 CPUs, 0 hotplug CPUs
[    0.000000] PM: Registered nosave memory: [mem 0x00000000-0x00000fff]
[    0.000000] PM: Registered nosave memory: [mem 0x0009f000-0x0009ffff]
[    0.000000] PM: Registered nosave memory: [mem 0x000a0000-0x000effff]
[    0.000000] PM: Registered nssvv  eemory: [mem 0x000f0000-0x000fffff]
[    0.000000] e820: [mem 0x20000000-0xfebfffff] available for PCI devices
[    0.000000] Booting paravirtualized kernel on KVM
[    0.000000] clocksource: refined-jiffies: mask: 0xffffffff max_cycles: 0xffffffff, max_idle_ns: 7645519600211568 ns
[    0.000000] random: get_random_bytes called from start_kernel+0x99/0x4fd with crng_init=0
[    0.000000] setup_percpu: NR_CPUS:8192 nr_cpumask_bits:1 nr_cpu_ids:1 nr_node_ids:1
[    0.000000] percpu: Embedded 46 pages/cpu s151552 r8192 d28672 u2097152
[    0.000000] PV qspinlock hash table entries: 256 (order: 0, 4096 bytes)
[    0.000000] Built 1 zonelists, mobility grouping on.  Total pages: 128889
[    0.000000] Policy zone: DMA32
[    0.000000] Kernel command line: BOOT_IMAGE=/boot/vmlinuz-4.15.0-64-generic root=LABEL=cloudimg-rootfs ro console=tty1 console=ttyS0
[    0.000000] Memory: 467528K/523832K available (12300K kernel code, 2481K rwdata, 4172K rodata, 2436K init, 2384K bss, 56304K reserved, 0K cma-reserved)
[    0.000000] SLUB: HWalign=64, Order=0-3, MinObjects=0, CPUs=1, Nodes=1
[    0.000000] Kernel/User page tables isolation: enabled
[    0.000000] ftrace: allocating 39306 entries in 154 pages
[    0.004000] Hierarchical RCU implementation.
[    0.004000] 	RCU restricting CPUs from NR_CPUS=8192 to nr_cpu_ids=1.
[    0.004000] 	Tasks RCU enabled.
[    0.004000] RCU: Adjusting geometry for rcu_fanout_leaf=16, nr_cpu_ids=1
[    0.004000] NR_IRQS: 524544, nr_irqs: 256, preallocated irqs: 16
[    0.004000] Console: colour VGA+ 80x25
[    0.004000] console [tty1] enabled
[    0.004000] console [ttyS0] enabled
[    0.004000] ACPI: Core revision 20170831
[    0.004000] ACPI: 2 ACPI AML tables successfully acquired and loaded
[    0.004000] APIC: Switch to symmetric I/O mode setup
[    0.004230] x2apic enabled
[    0.004922] Switched APIC routing to physical x2apic.
[    0.006716] ..TIMER: vector=0x30 apic1=0 pin1=2 apic2=-1 pin2=-1
[    0.008002] tsc: Detected 2592.000 MHz processor
[    0.008799] Calibrating delay loop (skipped) preset value.. 5184.00 BogoMIPS (lpj=10368000)
[    0.009478] pid_max: default: 32768 minimum: 301
[    0.010300] Security Framework initialized
[    0.011011] Yama: becoming mindful.
[    0.012025] AppArmor: AppArmor initialized
[    0.012844] Dentry cache hash table entries: 65536 (order: 7, 524288 bytes)
[    0.016042] Inode-cache hash table entries: 32768 (order: 6, 262144 bytes)
[    0.017187] Mount-cache hash table entries: 1024 (order: 1, 8192 bytes)
[    0.020004] Mountpoint-cache hash table entries: 1024 (order: 1, 8192 bytes)
[    0.021408] process: using mwait in idle threads
[    0.022215] Last level iTLB entries: 4KB 64, 2MB 8, 4MB 8
[    0.023119] Last level dTLB entries: 4KB 64, 2MB 0, 4MB 0, 1GB 4
[    0.024002] Spectre V1 : Mitigation: usercopy/swapgs barriers and __user pointer sanitization
[    0.025417] Spectre V2 : Mitigation: Full generic retpoline
[    0.026397] Spectre V2 : Spectre v2 / SpectreRSB mitigation: Filling RSB on context switch
[    0.028002] Speculative Store Bypass: Vulnerable
[    0.028835] MDS: Mitigation: Clear CPU buffers
[    0.043196] Freeing SMP alternatives memory: 36K
[    0.048000] smpboot: CPU0: Intel(R) Core(TM) i7-6500U CPU @ 2.50GHz (family: 0x6, model: 0x4e, stepping: 0x3)
[    0.048000] Performance Events: unsupported p6 CPU model 78 no PMU driver, software events only.
[    0.048000] Hierarchical SRCU implementation.
[    0.048131] NMI watchdog: Perf event create on CPU 0 failed with -2
[    0.049206] NMI watchdog: Perf NMI watchdog permanently disabled
[    0.050209] smp: Bringing up secondary CPUs ...
[    0.052002] smp: Brought up 1 node, 1 CPU
[    0.056002] smpboot: Max logical packages: 1
[    0.060003] smpboot: Total of 1 processors activated (5184.00 BogoMIPS)
[    0.064147] devtmpfs: initialized
[    0.064784] x86/mm: Memory block size: 128MB
[    0.065663] evm: security.selinux
[    0.066244] evm: security.SMACK64
[    0.066820] evm: security.SMACK64EXEC
[    0.067447] evm: security.SMACK64TRANSMUTE
[    0.068005] evm: security.SMACK64MMAP
[    0.072002] evm: security.apparmor
[    0.072611] evm: security.ima
[    0.073138] evm: security.capability
[    0.073861] clocksource: jiffies: mask: 0xffffffff max_cycles: 0xffffffff, max_idle_ns: 7645041785100000 ns
[    0.075426] futex hash table entries: 256 (order: 2, 16384 bytes)
[    0.076061] pinctrl core: initialized pinctrl subsystem
[    0.080104] RTC time: 20:31:42, date: 11/25/19
[    0.080938] NET: Registered protocol family 16
[    0.081755] audit: initializing netlink subsys (disabled)
[    0.082764] cpuidle: using governor ladder
[    0.084002] cpuidle: using governor menu
[    0.084756] ACPI: bus type PCI registered
[    0.085438] acpiphp: ACPI Hot Plug PCI Controller Driver version: 0.5
[    0.086550] PCI: Using configuration type 1 for base access
[    0.087484] audit: type=2000 audit(1574713906.231:1): state=initialized audit_enabled=0 res=1
[    0.088913] HugeTLB registered 2.00 MiB page size, pre-allocated 0 pages
[    0.090139] ACPI: Added _OSI(Module Device)
[    0.090851] ACPI: Added _OSI(Processor Device)
[    0.091592] ACPI: Added _OSI(3.0 _SCP Extensions)
[    0.092006] ACPI: Added _OSI(Processor Aggregator Device)
[    0.092911] ACPI: Added _OSI(Linux-Dell-Video)
[    0.096007] ACPI: Added _OSI(Linux-Lenovo-NV-HDMI-Audio)
[    0.096945] ACPI: Added _OSI(Linux-HPI-Hybrid-Graphics)
[    0.098101] ACPI: Executed 1 blocks of module-level executable AML code
[    0.102387] ACPI: Interpreter enabled
[    0.103061] ACPI: (supports S0 S5)
[    0.103672] ACPI: Using IOAPIC for interrupt routing
[    0.104204] PCI: Using host bridge windows from ACPI; if necessary, use "pci=nocrs" and report a bug
[    0.105916] ACPI: Enabled 2 GPEs in block 00 to 07
[    0.112395] ACPI: PCI Root Bridge [PCI0] (domain 0000 [bus 00-ff])
[    0.113470] acpi PNP0A03:00: _OSC: OS supports [ASPM ClockPM Segments MSI]
[    0.114666] acpi PNP0A03:00: _OSC: not requesting OS control; OS requires [ExtendedConfig ASPM ClockPM MSI]
[    0.116000] acpi PNP0A03:00: fail to add MMCONFIG information, can't access extended PCI configuration space under this bridge.
[    0.116287] PCI host bridge to bus 0000:00
[    0.117016] pci_bus 0000:00: root bus resource [io  0x0000-0x0cf7 window]
[    0.118152] pci_bus 0000:00: root bus resource [io  0x0d00-0xffff window]
[    0.120003] pci_bus 0000:00: root bus resource [mem 0x000a0000-0x000bffff window]
[    0.121283] pci_bus 0000:00: root bus resource [mem 0x20000000-0xfdffffff window]
[    0.124003] pci_bus 0000:00: root bus resource [bus 00-ff]
[    0.126578] pci 0000:00:01.1: legacy IDE quirk: reg 0x10: [io  0x01f0-0x01f7]
[    0.128003] pci 0000:00:01.1: legacy IDE quirk: reg 0x14: [io  0x03f6]
[    0.129085] pci 0000:00:01.1: legacy IDE quirk: reg 0x18: [io  0x0170-0x0177]
[    0.130259] pci 0000:00:01.1: legacy IDE quirk: reg 0x1c: [io  0x0376]
[    0.140879] pci 0000:00:07.0: quirk: [io  0x4000-0x403f] claimed by PIIX4 ACPI
[    0.144022] pci 0000:00:07.0: quirk: [io  0x4100-0x410f] claimed by PIIX4 SMB
[    0.156030] ACPI: PCI Interrupt Link [LNKA] (IRQs 5 9 10 *11)
[    0.160268] ACPI: PCI Interrupt Link [LNKB] (IRQs 5 9 *10 11)
[    0.161372] ACPI: PCI Interrupt Link [LNKC] (IRQs 5 *9 10 11)
[    0.162492] ACPI: PCI Interrupt Link [LNKD] (IRQs 5 9 10 *11)
[    0.164363] SCSI subsystem initialized
[    0.165165] pci 0000:00:02.0: vgaarb: setting as boot VGA device
[    0.166179] pci 0000:00:02.0: vgaarb: VGA device added: decodes=io+mem,owns=io+mem,locks=none
[    0.168006] pci 0000:00:02.0: vgaarb: bridge control possible
[    0.168986] vgaarb: loaded
[    0.172029] ACPI: bus type USB registered
[    0.172756] usbcore: registered new interface driver usbfs
[    0.173686] usbcore: registered new interface driver hub
[    0.174597] usbcore: registered new device driver usb
[    0.175676] EDAC MC: Ver: 3.0.0
[    0.176252] PCI: Using ACPI for IRQ routing
[    0.177237] NetLabel: Initializing
[    0.180002] NetLabel:  domain hash size = 128
[    0.180758] NetLabel:  protocols = UNLABELED CIPSOv4 CALIPSO
[    0.181733] NetLabel:  unlabeled traffic allowed by default
[    0.182768] clocksource: Switched to clocksource kvm-clock
[    0.190949] VFS: Disk quotas dquot_6.6.0
[    0.193581] VFS: Dquot-cache hash table entries: 512 (order 0, 4096 bytes)
[    0.194827] AppArmor: AppArmor Filesystem Enabled
[    0.195706] pnp: PnP ACPI init
[    0.197115] pnp: PnP ACPI: found 3 devices
[    0.203167] clocksource: acpi_pm: mask: 0xffffff max_cycles: 0xffffff, max_idle_ns: 2085701024 ns
[    0.204736] NET: Registered protocol family 2
[    0.205777] TCP established hash table entries: 4096 (order: 3, 32768 bytes)
[    0.206955] TCP bind hash table entries: 4096 (order: 4, 65536 bytes)
[    0.208078] TCP: Hash tables configured (established 4096 bind 4096)
[    0.209185] UDP hash table entries: 256 (order: 1, 8192 bytes)
[    0.210169] UDP-Lite hash table entries: 256 (order: 1, 8192 bytes)
[    0.211235] NET: Registered protocol family 1
[    0.212001] pci 0000:00:00.0: Limiting direct PCI/PCI transfers
[    0.213086] pci 0000:00:01.0: Activating ISA DMA hang workarounds
[    0.226063] pci 0000:00:02.0: Video device with shadowed ROM at [mem 0x000c0000-0x000dffff]
[    0.227556] Unpacking initramfs...
[    0.508640] Freeing initrd memory: 19144K
[    0.512625] clocksource: tsc: mask: 0xffffffffffffffff max_cycles: 0x255cb6cc5db, max_idle_ns: 440795203504 ns
[    0.514399] platform rtc_cmos: registered platform RTC device (no PNP device found)
[    0.518110] Scanning for low memory corruption every 60 seconds
[    0.556266] Initialise system trusted keyrings
[    0.557030] Key type blacklist registered
[    0.557704] workingset: timestamp_bits=36 max_order=17 bucket_order=0
[    0.559435] zbud: loaded
[    0.560273] squashfs: version 4.0 (2009/01/31) Phillip Lougher
[    0.561220] fuse init (API version 7.26)
[    0.562426] Key type asymmetric registered
[    0.563029] Asymmetric key parser 'x509' registered
[    0.563739] Block layer SCSI generic (bsg) driver version 0.4 loaded (major 246)
[    0.564835] io scheduler noop registered
[    0.570926] io scheduler deadline registered
[    0.571586] io scheduler cfq registered (default)
[    0.572547] ACPI: AC Adapter [AC] (off-line)
[    0.573244] input: Power Button as /devices/LNXSYSTM:00/LNXPWRBN:00/input/input0
[    0.574296] ACPI: Power Button [PWRF]
[    0.574924] input: Sleep Button as /devices/LNXSYSTM:00/LNXSLPBN:00/input/input1
[    0.575967] ACPI: Sleep Button [SLPF]
[    0.577372] ACPI: Battery Slot [BAT0] (battery present)
[    0.585343] Serial: 8250/16550 driver, 32 ports, IRQ sharing enabled
[    0.618028] 00:02: ttyS0 at I/O 0x3f8 (irq = 4, base_baud = 115200) is a 16550A
[    0.631804] Linux agpaart interface v0.103
[    0.666262] loop: module loaded
[    0.667257] scsi host0: ata_piix
[    0.695277] scsi host1: ata_piix
[    0.735385] ata1: PATA max UDMA/33 cmd 0x1f0 ctl 0x3f6 bmdma 0xd000 irq 14
[    0.736336] ata2: PATA max UDMA/33 cmd 0x170 ctl 0x376 bmdma 0xd008 irq 15
[    0.737787] libphy: Fixed MDIO Bus: probed
[    0.738396] tun: Universal TUN/TAP device driver, 1.6
[    0.739153] PPP generic driver version 2.4.2
[    0.739808] ehci_hcd: USB 2.0 'Enhanced' Host Controller (EHCI) Driver
[    0.740720] ehci-pci: EHCI PCI platform driver
[    0.741391] ehci-platform: EHCI generic platform driver
[    0.742142] ohci_hcd: USB 1.1 'Open' Host Controller (OHCI) Driver
[    0.742989] ohci-pci: OHCI PCI platform driver
[    0.743630] ohci-platform: OHCI generic platform driver
[    0.744381] uhci_hcd: USB Universal Host Controller Interface driver
[    0.745346] i8042: PNP: PS/2 Controller [PNP0303:PS2K,PNP0f03:PS2M] at 0x60,0x64 irq 1,12
[    0.746909] serio: i8042 KBD port at 0x60,0x64 irq 1
[    0.749401] serio: i8042 AUX port at 0x60,0x64 irq 12
[    0.750169] mousedev: PS/2 mouse device common for all mice
[    0.751144] input: AT Translated Set 2 keyboard as /devices/platform/i8042/serio0/input/input2
[    0.752770] rtc_cmos rtc_cmos: rtc core: registered rtc_cmos as rtc0
[    0.753702] rtc_cmos rtc_cmos: alarms up to one day, 114 bytes nvram
[    0.754575] i2c /dev entries driver
[    0.755150] device-mapper: uevent: version 1.0.3
[    0.755862] device-mapper: ioctl: 4.37.0-ioctl (2017-09-20) initialised: dm-devel@redhat.com
[    0.757059] ledtrig-cpu: registered to indicate activity on CPUs
[    0.758003] intel_pmc_core:  initialized
[    0.758765] NET: Registered protocol family 10
[    0.762213] Segment Routing with IPv6
[    0.762804] NET: Registered protocol family 17
[    0.763470] Key type dns_resolver registered
[    0.764175] mce: Using 0 MCE banks
[    0.764743] RAS: Correctable Errors collector initialized.
[    0.765550] sched_clock: Marking stable (764725668, 0)->(1500403207, -735677539)
[    0.766710] registered taskstats version 1
[    0.767316] Loading compiled-in X.509 certificates
[    0.769910] Loaded X.509 cert 'Build time autogenerated kernel key: 9ff85db0b1f72c0c954e4d2eaca5a9366845820b'
[    0.771313] zswap: loaded using pool lzo/zbud
[    0.774412] Key type big_key registered
[    0.774997] Key type trusted registered
[    0.776755] Key type encrypted registered
[    0.777359] AppArmor: AppArmor sha1 policy hashing enabled
[    0.778127] ima: No TPM chip found, activating TPM-bypass! (rc=-19)
[    0.778987] ima: Allocated hash algorithm: sha1
[    0.779643] evm: HMAC attrs: 0x1
[    0.780410]   Magic number: 11:510:549
[    0.781044] tty ttyS25: hash matches
[    0.781616] clockevents clockevent0: hash matches
[    0.782299] acpi PNP0C0F:00: hash matches
[    0.782921] rtc_cmos rtc_cmos: setting system clock to 2019-11-25 20:31:42 UTC (1574713902)
[    0.784143] BIOS EDD facility v0.16 2004-Jun-25, 0 devices found
[    0.925241] EDD information not available.
[    0.938194] Freeing unused kernel image memory: 2436K
[    0.948072] Write protecting the kernel read-only data: 20480k
[    0.949334] Freeing unused kernel image memory: 2008K
[    0.950331] Freeing unused kernel image memory: 1972K
[    0.957738] x86/mm: Checked W+X mappings: passed, no W+X pages found.
[    0.985718] x86/mm: Checking user space page tables
[    0.992871] x86/mm: Checked W+X mappings: passed, no W+X pages found.
Loading, please wait...
starting version 237
[    1.078858] e1000: Intel(R) PRO/1000 Network Driver - version 7.3.21-k8-NAPI
[    1.135811] e1000: Copyright (c) 1999-2006 Intel Corporation.
[    1.140630] Fusion MPT base driver 3.04.20
[    1.141318] Copyright (c) 1999-2008 LSI Corporation
[    1.150749] Fusion MPT SPI Host driver 3.04.20
[    1.300861] AVX2 version of gcm_enc/dec engaged.
[    1.465306] AES CTR mode by8 optimization enabled
[    1.467543] input: ImExPS/2 Generic Explorer Mouse as /devices/platform/i8042/serio1/input/input4
[    1.872374] e1000 0000:00:03.0 eth0: (PCI:33MHz:32-bit) 02:ab:ce:93:e0:e3
[    2.005747] e1000 0000:00:03.0 eth0: Intel(R) PRO/1000 Network Connection
[    2.007525] mptbase: ioc0: Initiating bringup
[    2.100740] ioc0: LSI53C1030 A0: Capabilities={Initiator}
[    2.456829] scsi host2: ioc0: LSI53C1030 A0, FwRev=00000000h, Ports=1, MaxQ=256, IRQ=20
[    2.628342] scsi 2:0:0:0: Direct-Access     VBOX     HARDDISK         1.0  PQ: 0 ANSI: 5
[    2.629675] scsi target2:0:0: Beginning Domain Validation
[    2.631879] scsi target2:0:0: Domain Validation skipping write tests
[    2.645658] scsi target2:0:0: Ending Domain Validation
[    2.646813] random: fast init done
[    2.647436] scsi target2:0:0: asynchronous
[    2.648686] scsi 2:0:1:0: Direct-Access     VBOX     HARDDISK         1.0  PQ: 0 ANSI: 5
[    2.678222] scsi target2:0:1: Beginning Domain Validation
[    2.733115] scsi target2:0:1: Domain Validation skipping write tests
[    2.734197] scsi target2:0:1: Ending Domain Validation
[    2.735312] scsi target2:0:1: asynchronous
[    2.816576] sd 2:0:0:0: Attached scsi generic sg0 type 0
[    2.817676] sd 2:0:0:0: [sda] 20971520 512-byte logical blocks: (10.7 GB/10.0 GiB)
[    2.819083] sd 2:0:0:0: [sda] Write Protect is off
[    2.820135] sd 2:0:0:0: [sda] Incomplete mode parameter data
[    2.821183] sd 2:0:0:0: [sda] Assuming drive cache: write through
[    2.822300] sd 2:0:1:0: Attached scsi generic sg1 type 0
[    2.823259] sd 2:0:1:0: [sdb] 20480 512-byte logical blocks: (10.5 MB/10.0 MiB)
[    2.824668] sd 2:0:1:0: [sdb] Write Protect is off
[    2.831137] sd 2:0:1:0: [sdb] Incomplete mode parameter data
[    2.865265] sd 2:0:1:0: [sdb] Assuming drive cache: write through
[    2.975609] random: systemd-udevd: uninitialized urandom read (16 bytes read)
[    2.977390] random: systemd-udevd: uninitialized urandom read (16 bytes read)
[    2.978376] random: systemd-udevd: uninitialized urandom read (16 bytes read)
[    2.980052]  sda: sda1
[    2.984773] sd 2:0:0:0: [sda] Attached SCSI disk
[    3.119196] sd 2:0:1:0: [sdb] Attached SCSI disk
[    3.160705] e1000 0000:00:08.0 eth1: (PCI:33MHz:32-bit) 08:00:27:78:87:7d
[    3.185810] e1000 0000:00:08.0 eth1: Intel(R) PRO/1000 Network Connection
[    3.187796] e1000 0000:00:08.0 enp0s8: renamed from eth1
[    3.190251] e1000 0000:00:03.0 enp0s3: renamed from eth0
Begin: Loading essential drivers ... [    4.604821] raid6: sse2x1   gen() 11837 MB/s
[    4.664790] raid6: sse2x1   xor()  8659 MB/s
[    4.844843] raid6: sse2x2   gen() 11862 MB/s
[    4.904801] raid6: sse2x2   xor()  9895 MB/s
[    4.964790] raid6: sse2x4   gen() 17170 MB/s
[    5.024817] raid6: sse2x4   xor() 10275 MB/s
[    5.084829] raid6: avx2x1   gen() 24201 MB/s
[    5.144821] raid6: avx2x1   xor() 16861 MB/s
[    5.224809] raid6: avx2x2   gen() 28392 MB/s
[    5.284838] raid6: avx2x2   xor() 18344 MB/s
[    5.344827] raid6: avx2x4   gen() 33851 MB/s
[    5.464844] raid6: avx2x4   xor() 18201 MB/s
[    5.465699] raid6: using algorithm avx2x4 gen() 33851 MB/s
[    5.466649] raid6: .... xor() 18201 MB/s, rmw enabled
[    5.467531] raid6: using avx2x2 recovery algorithm
[    5.487075] xor: automatically using best checksumming function   avx       
[    5.489641] async_tx: api initialized (async)
done.
Begin: Running /scripts/init-premount ... done.
Begin: Mounting root file system ... Begin: Running /scripts/local-top ... done.
Begin: Running /scripts/local-premount ... [    5.543346] Btrfs loaded, crc32c=crc32c-intel
Scanning for Btrfs filesystems
done.
Warning: fsck no[    5.589702] EXT4-fs (sda1): mounted filesystem with ordered data mode. Opts: (null)
t present, so skipping root file system
done.
Begin: Running /scripts/local-bottom ... done.
Begin: Running /scripts/init-bottom ... done.
[    5.891480] ip_tables: (C) 2000-2006 Netfilter Core Team
[    5.932307] systemd[1]: systemd 237 running in system mode. (+PAM +AUDIT +SELINUX +IMA +APPARMOR +SMACK +SYSVINIT +UTMP +LIBCRYPTSETUP +GCRYPT +GNUTLS +ACL +XZ +LZ4 +SECCOMP +BLKID +ELFUTILS +KMOD -IDN2 +IDN -PCRE2 default-hierarchy=hybrid)
[    6.555731] systemd[1]: Detected virtualization oracle.
[    6.556532] systemd[1]: Detected architecture x86-64.

Welcome to [1mUbuntu 18.04.3 LTS[0m!

[    6.593187] systemd[1]: Set hostname to <flask>.
[    7.256904] systemd[1]: Created slice User and Session Slice.
[[0;32m  OK  [0m] Created slice User and Session Slice.
[    7.286922] systemd[1]: Created slice System Slice.
[[0;32m  OK  [0m] Created slice System Slice.
[    7.288797] systemd[1]: Listening on udev Control Socket.
[[0;32m  OK  [0m] Listening on udev Control Socket.
[    7.290921] systemd[1]: Listening on Journal Audit Socket.
[[0;32m  OK  [0m] Listening on Journal Audit Socket.
[    7.312159] systemd[1]: Listening on Journal Socket (/dev/log).
[[0;32m  OK  [0m] Listening on Journal Socket (/dev/log).
[    7.334604] systemd[1]: Listening on Syslog Socket.
[[0;32m  OK  [0m] Listening on Syslog Socket.
[[0;32m  OK  [0m] Listening on /dev/initctl Compatibility Named Pipe.
[[0;32m  OK  [0m] Listening on Device-mapper event daemon FIFOs.
[[0;32m  OK  [0m] Set up automount Arbitrary Executab…rmats File System Automount Point.
[[0;32m  OK  [0m] Reached target User and Group Name Lookups.
[[0;32m  OK  [0m] Listening on Journal Socket.
         Starting Create list of required st…ce nodes for the current kernel...
         Mounting POSIX Message Queue File System...
         Mounting Kernel Debug File System...
         Starting Remount Root and Kernel File Systems...
         Starting Uncomplicated firewall...
         Starting Load Kernel Modules...
         Starting Set the console keyboard layout...
         Starting Journal Service...
[[0;32m  OK  [0[    7.393816] EXT4-fs (sda1): re-mounted. Opts: (null)
m] Reached target System Time Synchronized.
[    7.436887] Loading iSCSI transport class v2.0-870.
[[0;32m  OK  [0m] Listening on udev Kernel Socket.
         Mounting Huge Pages File System...
[[0;32m  OK  [0m] Reached target Swap.
[[0;32m  OK  [0[    7.504917] iscsi: registered transport (tcp)
m] Listening on LVM2 metadata daemon socket.
[[0;32m  OK  [0m] Listening on Network Service Netlink Socket.
[[0;32m  OK  [0m] Listening on LVM2 poll daemon socket.
[[0;32m  OK  [0m] Created slice system-serial\x2dgetty.slice.
         Starting Monitoring of LVM2 mirrors…ng dmeventd or progress polling...
[[0;32m  OK  [0m] Reached target Slices.
[[0;32m  OK  [0m] Started Forward Password Requests to Wall Directory Watch.
         Starting udev Coldplug all Devices...
[[0;32m  OK  [0m] Started Journal Service.
[[0;32m  OK  [0m] Started Create list of required sta…vice nodes for the current kernel.
[[0;32m  OK  [0m] Mounted POSIX Message Queue File System.
[[0;32m  OK  [0[    7.579956] iscsi: registered transport (iser)
m] Mounted Kernel Debug File System.
[[0;32m  OK  [0m] Started Remount Root and Kernel File Systems.
[[0;32m  OK  [0m] Started Uncomplicated firewall.
[[0;32m  OK  [0m] Started Load Kernel Modules.
[[0;32m  OK  [0m] Mounted Huge Pages File System.
[[0;32m  OK  [0m] Started LVM2 metadata daemon.
         Starting Apply Kernel Variables...
         Mounting Kernel Configuration File System...
         Mounting FUSE Control File System...
         Starting Load/Save Random Seed...
         Starting Create Static Device Nodes in /dev...
         Starting Flush Journal to Persistent Storage...
[    7.723738] random: crng init done
[    7.825145] random: 7 urandom warning(s) missed due to ratelimiting
[[0;32m  OK  [0m] Started udev Coldplug all Devices.
[[0;32m  OK  [0m] Started Monitoring of LVM2 mirrors,…sing dmeventd or progress polling.
[[0;32m  OK  [0m] Started Apply Kernel Variables.
[[0;32m  OK  [0m] Mounted Kernel Configuration File System.
[[0;32m  OK  [0m] Mounted FUSE Control File System.
[[0;32m  OK  [0m] Started Load/Save Random Seed.
[[0;32m  OK  [0m] Started Create Static Device Nodes in /dev.
         Starting udev Kernel Device Manager...
[[0;32m  OK  [0m] Started udev Kernel Device Manager.
[[0;32m  OK  [0m] Started Flush Journal to Persistent Storage.
[[0;32m  OK  [0m] Found device /dev/ttyS0.
[[0;32m  OK  [0m] Listening on Load/Save RF Kill Switch Status /dev/rfkill Watch.
[[0;32m  OK  [0m] Started Set the console keyboard layout.
[[0;32m  OK  [0m] Started Dispatch Password Requests to Console Directory Watch.
[[0;32m  OK  [0m] Reached target Local Encrypted Volumes.
[[0;32m  OK  [0m] Reached target Local File Systems (Pre).
[[0;32m  OK  [0m] Reached target Local File Systems.
         Starting Tell Plymouth To Write Out Runtime Data...
         Starting AppArmor initialization...
         Starting ebtables ruleset management...
         Starting Set console font and keymap...
         Starting Create Volatile Files and Directories...
[[0;32m  OK  [0m] Started Tell Plymouth To Write Out Runtime Data.
[[0;32m  OK  [0m] Started Set console font and keymap.
[[0;32m  OK  [0m] Started Create Volatile Files and Directories.
         Starting Update UTMP about System Boot/Shutdown...
[[0;32m  OK  [0m] Started ebtables ruleset management.
[[0;32m  OK  [0m] Started Update UTMP about System Boot/Shutdown.
[[0;32m  OK  [0m] Started AppArmor initialization.
         Starting Initial cloud-init job (pre-networking)...
[   10.844535] cloud-init[639]: Cloud-init v. 19.2-24-ge7881d5c-0ubuntu1~18.04.1 running 'init-local' at Mon, 25 Nov 2019 20:31:52 +0000. Up 10.65 seconds.
[[0;32m  OK  [0m] Started Initial cloud-init job (pre-networking).
[[0;32m  OK  [0m] Reached target Network (Pre).
         Starting Network Service...
[[0;32m  OK  [0m] Started Network Service.
         Starting Network Name Resolution...
         Starting Wait for Network to be Configured...
[[0;32m  OK  [0m] Started Network Name Resolution.
[[0;32m  OK  [0m] Reached target Host and Network Name Lookups.
[[0;32m  OK  [0m] Reached target Network.
[[0;32m  OK  [0m] Started Wait for Network to be Configured.
         Starting Initial cloud-init job (metadata service crawler)...
[   13.323796] cloud-init[747]: Cloud-init v. 19.2-24-ge7881d5c-0ubuntu1~18.04.1 running 'init' at Mon, 25 Nov 2019 20:31:54 +0000. Up 13.15 seconds.
[   13.418035] cloud-init[747]: ci-info: ++++++++++++++++++++++++++++++++++++++Net device info+++++++++++++++++++++++++++++++++++++++
[   13.466882] cloud-init[747]: ci-info: +--------+------+-----------------------------+---------------+--------+-------------------+
[[0;32m  OK  [0m] Started Initial cloud-init job (metadata service crawler).
[[0;32m  OK  [0m] Reached target Network is Online.
[   13.575721]          Starting Availability of block devices...
[[0;32m  OK  [0m] Reached target Remote File Systems (Pre).
[[0;32m  OK  [0m] Reached target Remote File Systems.
[[0;32m  OK  [0m] Reached target System Initialization.
         Starting LXD - unix socket.
cloud-init[747]: ci-info: | Device |  Up  |           Address           |      Mask     | Scope  |     Hw-Address    |
         [   13.651479] cloud-init[747]: ci-info: +--------+------+-----------------------------+---------------+--------+-------------------+
[   13.651532] cloud-init[747]: ci-info: | enp0s3 | True |          10.0.2.15          | 255.255.255.0 | global | 02:ab:ce:93:e0:e3 |
[   13.651572] cloud-init[747]: ci-info: | enp0s3 | True |  fe80::ab:ceff:fe93:e0e3/64 |       .       |  link  | 02:ab:ce:93:e0:e3 |
[   13.651613] cloud-init[747]: ci-info: | enp0s8 | True |        192.168.33.10        | 255.255.255.0 | global | 08:00:27:78:87:7d |
[   13.651652] cloud-init[747]: ci-info: | enp0s8 | True | fe80::a00:27ff:fe78:877d/64 |       .       |  link  | 08:00:27:78:87:7d |
[   13.651718] cloud-init[747]: ci-info: |   lo   | True |          127.0.0.1          |   255.0.0.0   |  host  |         .         |
[   13.651759] cloud-init[747]: ci-info: |   lo   | True |           ::1/128           |       .       |  host  |         .         |
[   13.651794] cloud-init[747]: ci-info: +--------+------+-----------------------------+---------------+--------+-------------------+
[   13.651829] cloud-init[747]: ci-info: +++++++++++++++++++++++++++++Route IPv4 info+++++++++++++++++++++++++++++
[   13.651865] cloud-init[747]: ci-info: +-------+--------------+----------+-----------------+-----------+-------+
[   13.651935] cloud-init[747]: ci-info: | Route | Destination  | Gateway  |     Genmask     | Interface | Flags |
[   13.651972] cloud-init[747]: ci-info: +-------+--------------+----------+-----------------+-----------+-------+
[   13.652009] cloud-init[747]: ci-info: |   0   |   0.0.0.0    | 10.0.2.2 |     0.0.0.0     |   enp0s3  |   UG  |
[   13.652050] cloud-init[747]: ci-info: |   1   |   10.0.2.0   | 0.0.0.0  |  255.255.255.0  |   enp0s3  |   U   |
[   13.652087] cloud-init[747]: ci-info: |   2   |   10.0.2.2   | 0.0.0.0  | 255.255.255.255 |   enp0s3  |   UH  |
[   13.652122] cloud-init[747]: ci-info: |   3   | 192.168.33.0 | 0.0.0.0  |  255.255.255.0  |   enp0s8  |   U   |
[   13.652162] cloud-init[747]: ci-info: +-------+--------------+----------+-----------------+-----------+-------+
[   13.652355] cloud-init[747]: ci-info: +++++++++++++++++++Route IPv6 info+++++++++++++++++++
[   13.652423] cloud-init[747]: ci-info: +-------+-------------+---------+-----------+-------+
[   13.652483] cloud-init[747]: ci-info: | Route | Destination | Gateway | Interface | Flags |
[   13.652538] cloud-init[747]: ci-info: +-------+-------------+---------+-----------+-------+
[   13.652584] cloud-init[747]: ci-info: |   1   |  fe80::/64  |    ::   |   enp0s8  |   U   |
[   13.652641] cloud-init[747]: ci-info: |   2   |  fe80::/64  |    ::   |   enp0s3  |   U   |
[   13.652691] cloud-init[747]: ci-info: |   4   |    local    |    ::   |   enp0s3  |   U   |
[   13.652730] cloud-init[747]: ci-info: |   5   |    local    |    ::   |   enp0s8  |   U   |
[   13.652765] cloud-init[747]: ci-info: |   6   |   ff00::/8  |    ::   |   enp0s8  |   U   |
[   13.652800] cloud-init[747]: ci-info: |   7   |   ff00::/8  |    ::   |   enp0s3  |   U   |
[   13.652906] cloud-init[747]: ci-info: +-------+-------------+---------+-----------+-------+
Starting Socket activation for snappy daemon.
         Starting Docker Socket for the API.
[[0;32m  OK  [0m] Started Message of the Day.
[[0;32m  OK  [0m] Started Discard unused blocks once a week.
[[0;32m  OK  [0m] Started Daily Cleanup of Temporary Directories.
[[0;32m  OK  [0m] Listening on ACPID Listen Socket.
[[0;32m  OK  [0m] Started ACPI Events Check.
[[0;32m  OK  [0m] Reached target Paths.
[[0;32m  OK  [0m] Listening on UUID daemon activation socket.
[[0;32m  OK  [0m] Started Daily apt download activities.
[[0;32m  OK  [0m] Started Daily apt upgrade and clean activities.
[[0;32m  OK  [0m] Reached target Timers.
[[0;32m  OK  [0m] Listening on D-Bus System Message Bus Socket.
[[0;32m  OK  [0m] Listening on Open-iSCSI iscsid Socket.
[[0;32m  OK  [0m] Reached target Cloud-config availability.
[[0;32m  OK  [0m] Started Availability of block devices.
[[0;32m  OK  [0m] Listening on LXD - unix socket.
[[0;32m  OK  [0m] Listening on Socket activation for snappy daemon.
[[0;32m  OK  [0m] Listening on Docker Socket for the API.
[[0;32m  OK  [0m] Reached target Sockets.
[[0;32m  OK  [0m] Reached target Basic System.
[[0;32m  OK  [0m] Started Deferred execution scheduler.
         Starting Permit User Sessions...
         Starting System Logging Service...
         Starting Message of the Day...
         Starting Discard unused blocks...
         Starting Accounts Service...
         Starting containerd container runtime...
         Starting LXD - container startup/shutdown...
         Starting LSB: automatic crash report generation...
[[0;32m  OK  [0m] Started D-Bus System Message Bus.
         Starting Login Service...
         Starting Dispatcher daemon for systemd-networkd...
         Starting Snappy daemon...
         Starting Virtualbox guest utils...
         Starting LSB: Record successful boot for GRUB...
[[0;32m  OK  [0m] Started irqbalance daemon.
         Starting OpenBSD Secure Shell server...
[[0;32m  OK  [0m] Started FUSE filesystem for LXC.
[[0;32m  OK  [0m] Started Regular background program processing daemon.
[[0;32m  OK  [0m] Started System Logging Service.
[[0;32m  OK  [0m] Started Permit User Sessions.
[[0;32m  OK  [0m] Started Snappy daemon.
[[0;32m  OK  [0m] Started Discard unused blocks.
[[0;32m  OK  [0m] Started containerd container runtime.
[[0;32m  OK  [0m] Started LXD - container startup/shutdown.
[[0;32m  OK  [0m] Started Login Service.
[[0;32m  OK  [0m] Started Dispatcher daemon for systemd-networkd.
[[0;32m  OK  [0m] Started OpenBSD Secure Shell server.
         Starting Authorization Manager...
[[0;32m  OK  [0m] Started Unattended Upgrades Shutdown.
         Starting Docker Application Container Engine...
         Starting Wait until snapd is fully seeded...
         Starting Terminate Plymouth Boot Screen...
         Starting Hold until boot process finishes up...
[[0;32m  OK  [0m] Started LSB: automatic crash report generation.
[[0;32m  OK  [0m] Started Terminate Plymouth Boot Screen.
[[0;32m  OK  [0m] Started Hold until boot process finishes up.
[[0;32m  OK  [0m] Started Authorization Manager.
[[0;32m  OK  [0m] Started Accounts Service.
[[0;32m  OK  [0m] Started LSB: Record successful boot for GRUB.
[[0;32m  OK  [0m] Started Serial Getty on ttyS0.
         Starting Set console scheme...
[[0;32m  OK  [0m] Started Wait until snapd is fully seeded.
         Starting Apply the settings specified in cloud-config...
[[0;32m  OK  [0m] Started Virtualbox guest utils.
[[0;32m  OK  [0m] Started Set console scheme.
[[0;32m  OK  [0m] Created slice system-getty.slice.
[[0;32m  OK  [0m] Started Getty on tty1.
[[0;32m  OK  [0m] Reached target Login Prompts.
[[0;32m  OK  [0m] Created slice User Slice of vagrant.
         Starting User Manager for UID 1000...
[[0;32m  OK  [0m] Started Session 1 of user vagrant.
[[0;32m  OK  [0m] Started User Manager for UID 1000.
[   16.608034] cloud-init[1124]: Cloud-init v. 19.2-24-ge7881d5c-0ubuntu1~18.04.1 running 'modules:config' at Mon, 25 Nov 2019 20:31:57 +0000. Up 16.27 seconds.
[[0;32m  OK  [0m] Started Apply the settings specified in cloud-config.
[[0;32m  OK  [0m] Started Docker Application Container Engine.
[[0;32m  OK  [0m] Reached target Multi-User System.
         Starting Execute cloud user/final scripts...
[[0;32m  OK  [0m] Reached target Graphical Interface.
         Starting Update UTMP about System Runlevel Changes...

Ubuntu 18.04.3 LTS flask ttyS0

flask login: [   21.550286] cloud-init[1688]: Cloud-init v. 19.2-24-ge7881d5c-0ubuntu1~18.04.1 running 'modules:final' at Mon, 25 Nov 2019 20:32:03 +0000. Up 21.37 seconds.
[   21.559582] cloud-init[1688]: Cloud-init v. 19.2-24-ge7881d5c-0ubuntu1~18.04.1 finished at Mon, 25 Nov 2019 20:32:03 +0000. Datasource DataSourceNoCloud [seed=/dev/sdb][dsmode=net].  Up 21.53 seconds
         Stoppina         Stopping Session 6 of user vagrant.
         Stopping LSB: Record successful boot for GRUB...
[[0;32m  OK  [0m] Unmounted /var/lib/lxcfs.
[[0;32m  OK  [0m] Stopped Deferred execution scheduler.
[[0;32m  OK  [0m] Stopped Accounts Service.
[[0;32m  OK  [0m] Stopped Dispatcher daemon for systemd-networkd.
[[0;32m  OK  [0m] Stopped System Logging Service.
[[0;32m  OK  [0m] Stopped Regular background program processing daemon.
[[0;32m  OK  [0m] Stopped OpenBSD Secure Shell server.
[[0;32m  OK  [0m] Stopped Authorization Manager.
[[0;32m  OK  [0m] Stopped Unattended Upgrades Shutdown.
[[0;32m  OK  [0m] Stopped Serial Getty on ttyS0.
[[0;32m  OK  [0m] Stopped Getty on tty1.
[[0;32m  OK  [0m] Stopped User Manager for UID 1000.
[[0;32m  OK  [0m] Stopped Availability of block devices.
[[0;32m  OK  [0m] Stopped D-Bus System Message Bus.
[[0;32m  OK  [0m] Stopped FUSE filesystem for LXC.
[[0;32m  OK  [0m] Stopped Session 6 of user vagrant.
[[0;32m  OK  [0m] Removed slice system-getty.slice.
[[0;32m  OK  [0m] Removed slice system-serial\x2dgetty.slice.
[[0;32m  OK  [0m] Stopped LXD - container startup/shutdown.
[[0;32m  OK  [0m] Stopped LSB: Record successful boot for GRUB.
[[0;32m  OK  [0m] Stopped LSB: automatic crash report generation.
[[0;32m  OK  [0m] Stopped Virtualbox guest utils.
[[0;32m  OK  [0m] Stopped Session 3 of user vagrant.
[[0;32m  OK  [0m] Removed slice User Slice of vagrant.
         Stopping Login Service...
         Stopping Permit User Sessions...
[[0;32m  OK  [0m] Stopped Login Service.
[[0;32m  OK  [0m] Stopped Permit User Sessions.
[[0;32m  OK  [0m] Stopped target Remote File Systems.
[[0;32m  OK  [0m] Stopped target Remote File Systems (Pre).
[[0;32m  OK  [0m] Stopped target User and Group Name Lookups.
[[0;32m  OK  [0m] Unmounted /run/docker/netns/f608f9e43c0d.
[[0;32m  OK  [0m] Unmounted /var/lib/docker/overlay2/…c4eff5231727cd8a5ea2d36d92/merged.
[[0;32m  OK  [0m] Stopped Docker Application Container Engine.
[[0;32m  OK  [0m] Stopped target Network is Online.
         Stopping containerd container runtime...
[[0;32m  OK  [0m] Stopped containerd container runtime.
[[0;32m  OK  [0m] Stopped target Network.
         Stopping Network Name Resolution...
[[0;32m  OK  [0m] Stopped target Basic System.
[[0;32m  OK  [0m] Stopped target Slices.
[[0;32m  OK  [0m] Removed slice User and Session Slice.
[[0;32m  OK  [0m] Stopped target Sockets.
[[0;32m  OK  [0m] Closed Socket activation for snappy daemon.
[[0;32m  OK  [0m] Closed LXD - unix socket.
[[0;32m  OK  [0m] Closed UUID daemon activation socket.
[[0;32m  OK  [0m] Closed Syslog Socket.
[[0;32m  OK  [0m] Closed ACPID Listen Socket.
[[0;32m  OK  [0m] Closed Docker Socket for the API.
[[0;32m  OK  [0m] Closed Open-iSCSI iscsid Socket.
[[0;32m  OK  [0m] Closed D-Bus System Message Bus Socket.
[[0;32m  OK  [0m] Stopped target Paths.
[[0;32m  OK  [0m] Stopped ACPI Events Check.
[[0;32m  OK  [0m] Stopped target System Initialization.
[[0;32m  OK  [0m] Stopped target Local Encrypted Volumes.
[[0;32m  OK  [0m] Stopped Dispatch Password Requests to Console Directory Watch.
[[0;32m  OK  [0m] Stopped Forward Password Requests to Wall Directory Watch.
[[0;32m  OK  [0m] Stopped Initial cloud-init job (metadata service crawler).
         Stopping Load/Save Random Seed...
         Stopping Update UTMP about System Boot/Shutdown...
[[0;32m  OK  [0m] Stopped Network Name Resolution.
[[0;32m  OK  [0m] Stopped Load/Save Random Seed.
         Stopping Network Service...
[[0;32m  OK  [0m] Stopped Network Service.
[[0;32m  OK  [0m] Stopped Update UTMP about System Boot/Shutdown.
[[0;32m  OK  [0m] Stopped Create Volatile Files and Directories.
[[0;32m  OK  [0m] Stopped target Local File Systems.
         Unmounting /run/user/1000...
         Unmounting /vagrant...
[[0;32m  OK  [0m] Stopped Apply Kernel Variables.
[[0;32m  OK  [0m] Stopped Load Kernel Modules.
[[0;32m  OK  [0m] Stopped target Network (Pre).
[[0;32m  OK  [0m] Stopped Initial cloud-init job (pre-networking).
[[0;32m  OK  [0m] Unmounted /run/user/1000.
[[0;32m  OK  [0m] Unmounted /vagrant.
[[0;32m  OK  [0m] Reached target Unmount All Filesystems.
[[0;32m  OK  [0m] Stopped target Swap.
[[0;32m  OK  [0m] Stopped target Local File Systems (Pre).
[[0;32m  OK  [0m] Stopped Remount Root and Kernel File Systems.
         Stopping Monitoring of LVM2 mirrors…ng dmeventd or progress polling...
[[0;32m  OK  [0m] Stopped Create Static Device Nodes in /dev.
[[0;32m  OK  [0m] Reached target Shutdown.
[[0;32m  OK  [0m] Reached target Final Step.
         Starting Power-Off...
[ 5713.461139] reboot: Power down
