[    0.000000] Initializing cgroup subsys cpuset
[    0.000000] Initializing cgroup subsys cpu
[    0.000000] Initializing cgroup subsys cpuacct
[    0.000000] Linux version 4.4.0-164-generic (buildd@lgw01-amd64-021) (gcc version 5.4.0 20160609 (Ubuntu 5.4.0-6ubuntu1~16.04.10) ) #192-Ubuntu SMP Fri Sep 13 12:02:50 UTC 2019 (Ubuntu 4.4.0-164.192-generic 4.4.186)
[    0.000000] Command line: BOOT_IMGEboot/vmlinuz-4.4.0-164-generic root=LABEL=cloudimg-rootfs ro console=tty1 console=ttyS0
[    0.000000] KERNEL supported cpus:
[    0.000000]   Intel GenuineIntel
[    0.000000]   AMD AuthenticAMD
[    0.000000]   Centaur CentaurHauls
[    0.000000] x86/fpu: xstate_offset[2]:  576, xstate_sizes[2]:  256
[    0.000000] x86/fpu: Supporting XSAVE feature 0x01: 'x87 floating point registers'
[    0.000000] x86/fpu: Supporting XSAVE feature 0x02: 'SSE registers'
[    0.000000] x86/fpu: Supporting XSAVE feature 0x04: 'AVX registers'
[    0.000000] x86/fpu: Enabled xstate features 0x7, context size is 832 bytes, using 'standardformat.
[    0.000000] e820: BIOS-provided physical RAM map:
[    0.000000] BIOS-e820: [mem 0x0000000000000000-0x000000000009fbff] usable
[    0.000000] BIOS-e820: [mem 0x000000000009fc00-0x000000000009ffff] reserved
[    0.000000] BIOS-e820: [mem 0x00000000000f000-0x00000000000fffff] reserved
[    0.000000] BIOS-e820: [mem 0x0000000000100000-0x000000003ffeffff] usable
[    0.000000] BIOS-e820: [mem 0x000000003fff0000-0x000000003fffffff] ACPI data
[    0.000000] BIOS-e820: [mem 0x00000000fec00000-0x00000000fec00fff] reserved
[    0.000000] BIOS-e820: [mem 0x00000000fee00000-0x00000000fee00fff] reserved
[    0.000000] BIOS-e820: [mem 0x00000000fffc0000-0x00000000ffffffff] reserved
[    0.000000] NX (Execute Disable) protection: active
[    0.000000] SMBIOS 2.5 present.
[    0.000000] Hypervisor detected: KVM
[    0.000000] e820: last_pfn = 0x3fff0 max_arch_pfn = 0x400000000
[    0.000000] MTRR: Disabled
[    0.000000]86/PAT: MTRRs disabled, skipping PAT initialization too.
[    0.000000] CPU MTRRs all blank - virtualized system.
[    0.000000] x86/PAT: Configuration [0-7]: WB  WT  UC- UC  WB  WT  UC- UC  
[    0.000000] found SMP MP-table at [mem 0x0009fff0-0x0009ffff] mapped at [ffff88000009fff0]
[    0.000000] Scanning 1 areas for low memory corruption
[    0.000000] RAMDISK: [mem 0x362f8000-0x37173fff]
[    0.000000] ACPI: Early table checksum verification disabled
[    0.000000] ACPI: RSDP 0x00000000000E0000 000024 (v02 VBOX  )
[    0.000000] ACPI: XSDT 0x000000003FFF0030 00003C (v01 VBOX   VBOXXSDT 0000001 ASL  00000061)
[    0.000000] ACPI: FACP 0x000000003FFF00F0 0000F4 (v04 VBOX   VBOXFACP 00000001 ASL  00000061)
[    0.000000] ACPI: DSDT 0x000000003FFF0470 0021FF (v02 VBOX   VBOXBIOS 00000002 INTL 20180105)
[    0.000000] ACPI: FACS 0x000000003FFF0200 000040
[    0.000000] ACPI: FACS 0x000000003FFF0200 000040
[    0.000000] ACPI: APIC 0x000000003FFF0240 00005C (v02 VBOX   VBOXAC 00000001 ASL  00000061)
[    0.000000] ACPI: SSDT 0x000000003FFF02A0 0001CC (v01 VBOX   VBOXCPUT 00000002 INTL 20180105)
[    0.000000] No NUMA configuration found
[    0.000000] Faking a node at [mem 0x0000000000000000-0x000000003ffeffff]
[    0.000000] NODE_DATA(0) allocated [mem 0x3ffeb000-0x3ffeffff]
[    0.000000] kvm-clock: Using msrs 4b564d01 and 4b564d00
[    0.000000] kvm-clock: cpu 0, msr 0:3ffe3001, primary cpu clock
[    0.000000] kvm-clock: using sched offset of 3270644675 cycles
[    0.000000] clocksource: kvm-clock: mask: 0xffffffffffffffff max_cycles: 0x1cd42e4dffb, max_idle_ns: 881590591483 ns
[    0.000000] Zone ranges:
[    0.000000]   DMA      [mem 0x0000000000001000-0x0000000000ffffff]
[    0.000000]   DMA32    [mem 0x0000000001000000-0x00000003ffeffff]
[    0.000000]   Normal   empty
[    0.000000]   Device   empty
[    0.000000] Movable zone start for each node
[    0.000000] Early memory node ranges
[    0.000000]   node   0: [mem 0x0000000000001000-0x000000000009efff]
[    0.000000]   node   0: [mem 0x0000000000100000-0x000000003ffeffff]
[    0.000000] Initmem setup node 0 [mem 0x0000000000001000-0x000000003ffeffff]
[    0.000000] ACPI: PM-Timer IO Port: 0x4008
[    0.000000] IOAPIC[0]: apic_id 2, version 32, address 0xfec00000, GSI 0-23
[    0.000000] ACPI: INT_SRC_OVR (bus 0 bus_irq 0 global_irq 2 dfl dfl)
[    0.000000] ACPI: INT_SRC_OVR (bus 0 bus_irq 9 global_irq 9 low level)
[    0.000000] Using ACPI (MADT) for SMP configuration information
[    0.000000] smpboot: Allowing 2 CPUs, 0 hotplug CPUs
[    0.000000] PM: Registered nosave memory: [mem 0x00000000-0x00000fff]
[    0.000000] PM: Registered nosave memory: [mem 0x0009f000-0x0009ffff]
[    0.000000] PM: Registered nosave memory: [mem 0x000a0000-0x000effff]
[    0.000000] PM: Registered nosave memory: [mem 0x000f0000-0x000fffff]
[    0.000000] e820: [mem 0x40000000-0xfebfffff] available for PCI devices
[    0.000000] Booting paravirtualized kernel on KVM
[    0.000000] clocksource: refined-jiffies: mask: 0xffffffff max_cycles: 0xffffffff, max_idle_ns: 7645519600211568 ns
[    0.000000] setup_percpu: NR_CPUS:512 nr_cpumask_bits:512 nr_cpu_ids:2 nr_node_ids:1
[    0.000000] PERCPU: Embedded 34 pages/cpu @ffff88003fc00000 s99544 r8192 d31528 u1048576
[    0.000000] Built 1 zonelists in Node order, mobility grouping on.  Total pages: 257912
[    0.000000] Policy zone: DMA32
[    0.000000] Kernel command line: BOOT_IMAGE=/boot/vmlinuz-4.4.0-164-generic root=LABEL=cloudimg-rootfs ro console=tty1 console=ttyS0
[    0.000000] PID hash table entries: 4096 (order: 3, 32768 bytes)
[    0.000000] Memory: 997724K/1048120K available (8622K kernel code, 1335K rwdata, 4032K rodata, 1488K init, 1284K bss, 50396K reserved, 0K cma-reserved)
[    0.000000] SLUB: HWalign=64, Order=0-3, MinObjects=0, CPUs=2, Nodes=1
[    0.000000] Kernel/User page tables isolation: enabled
[    0.000000] Hierarchical RCU implementation.
[    0.000000] 	Build-time adjustment of leaf fanout to 64.
[    0.000000] 	RCU restricting CPUs from NR_CPUS=512 to nr_cpu_ids=2.
[    0.000000] RCU: Adjusting geometry for rcu_fanout_leaf=64, nr_cpu_ids=2
[    0.000000] NR_IRQS:33024 nr_irqs:440 16
[    0.000000] Console: colour VGA+ 80x25
[    0.000000] console [tty1] enabled
[    0.000000] console [ttyS0] enabled
[    0.000000] tsc: Detected 2592.000 MHz processor
[    0.401821] Calibrating delay loop (skipped) preset value.. 5184.00 BogoMIPS (lpj=10368000)
[    0.403634] pid_max: default: 32768 minimum: 301
[    0.404670] ACPI: Core revision 20150930
[    0.406370] ACPI: 2 ACPI AML tables successfully acquired and loaded
[    0.407716] Security Framework initialized
[    0.408632] Yama: becoming mindful.
[    0.409435] AppArmor: AppArmor initialized
[    0.410363] Dentry cache hash table entries: 131072 (order: 8, 1048576 bytes)
[    0.412442] Inode-cache hash table entries: 65536 (order: 7, 524288 bytes)
[    0.413903] Mount-cache hash tabl eentries: 2048 (order: 2, 16384 bytes)
[    0.427051] Mountpoint-cache hash table entries: 2048 (order: 2, 16384 bytes)
[    0.428628] Initializing cgroup subsys io
[    0.429551] Initializing cgroup subsys memory
[    0.430481] Initializing cgroup subsys devices
[    0.431419] Initializing cgroup subsys freezer
[    0.432363] Initializing cgroup subsys net_cls
[    0.433353] Initializing cgroup subsys perf_event
[    0.434368] Initializing cgroup subsys net_prio
[    0.435358] Initializing cgroup subsys hugetlb
[    0.436306] Initializing cgroup subsys pids
[    0.438940] mce: CPU supports 0 MCE banks
[    0.439829] Last level iTLB entries: 4KB 64, 2MB 8, 4MB 8
[    0.441008] Last level dTLB entries: 4KB 64, 2MB 0, 4MB 0, 1GB 4
[    0.442189] Spectre V1 : Mitigation: usercopy/swapgs barriers and __user pointer sanitization
[    0.443986] Spectre V2 : Mitigation: Full generic retpoline
[    0.445222] Spectre V2 : Spectre v2 / SpectreRSB mitigation: Filling RSB on context switch
[    0.446942] Speculative Store Bypass: Vulnerable
[    0.447972] MDS: Mitigation: Clear CPU buffers
[    0.451361] Freeing SMP alternatives memory: 36K
[    0.457334] ftrace: allocating 32318 entries in 127 pages
[    0.515411] smpboot: APIC(0) Converting physical 0 to logical package 0
[    0.516839] smpboot: Max logical packages: 1
[    0.518092] x2apic enabled
[    0.518961] Switched APIC routing to physical x2apic.
[    0.521047] ..TIMER: vector=0x30 apic1=0 pin1=2 apic2=-1 pin2=-1
[    0.629621] smpboot: CPU0: Intel(R) Core(TM) i7-6500U CPU @ 2.50GHz (family: 0x6, model: 0x4e, stepping: 0x3)
[    0.631824] Performance Events: unsupported p6 CPU model 78 no PMU driver, software events only.
[    0.643165] KVM setup paravirtual spinlock
[    0.644816] x86: Booting SMP configuration:
[    0.645729] .... node  #0, CPUs:      #1
[    0.646772] kvm-clock: cpu 1, msr 0:3ffe3041, secondary cpu clock
[    0.649144] mce: CPU supports 0 MCE banks
[    0.651611] x86: Booted up 1 node, 2 CPUs
[    0.652726] smpboot: Total of 2 processors activated (10368.00 BogoMIPS)
[    0.655590] devtmpfs: initialized
[    0.658211] evm: security.selinux
[    0.658971] evm: security.SMACK64
[    0.659760] evm: security.SMACK64EXEC
[    0.660590] evm: security.SMACK64TRANSMUTE
[    0.661469] evm: security.SMACK64MMAP
[    0.662319] evm: security.ima
[    0.663035] evm: security.capability
[    0.664050] clocksource: jiffies: mask: 0xffffffff max_cycles: 0xffffffff, max_idle_ns: 7645041785100000 ns
[    0.671472] futex hash table entries: 512 (order: 3, 32768 bytes)
[    0.672896] pinctrl core: initialized pinctrl subsystem
[    0.674156] RTC time:  1:42:12, date: 12/01/19
[    0.675384] NET: Registered protocol family 16
[    0.686438] cpuidle: using governor ladder
[    0.698971] cpuidle: using governor menu
[    0.700706] PCCT header not found.
[    0.702321] ACPI: bus type PCI registered
[    0.704005] acpiphp: ACPI Hot Plug PCI Controller Driver version: 0.5
[    0.706633] PCI: Using configuration type 1 for base access
[    0.723915] ACPI: Added _OSI(Module Device)
[    0.725715] ACPI: Added _OSI(Processor Device)
[    0.727551] ACPI: Added _OSI(3.0 _SCP Extensions)
[    0.731605] ACPI: Added _OSI(Processor Aggregator Device)
[    0.736493] ACPI: Executed 1 blocks of module-level executable AML code
[    0.741965] ACPI: Interpreter enabled
[    0.743266] ACPI: (supports S0 S5)
[    0.744373] ACPI: Using IOAPIC for interrupt routing
[    0.745906] PCI: Using host bridge windows from ACPI; if necessary, use "pci=nocrs" and report a bug
[    0.751803] ACPI: PCI Root Bridge [PCI0] (domain 0000 [bus 00-ff])
[    0.753189] acpi PNP0A03:00: _OSC: OS supports [ASPM ClockPM Segments MSI]
[    0.754620] acpi PNP0A03:00: _OSC: not requesting OS control; OS requires [ExtendedConfig ASPM ClockPM MSI]
[    0.756654] acpi PNP0A03:00: fail to add MMCONFIG information, can't access extended PCI configuration space under this bridge.
[    0.759222] PCI host bridge to bus 0000:00
[    0.760110] pci_bus 0000:00: root bus resource [io  0x0000-0x0cf7 window]
[    0.761543] pci_bus 0000:00: root bus resource [io  0x0d00-0xffff window]
[    0.762855] pci_bus 0000:00: root bus resource [mem 0x000a0000-0x000bffff window]
[    0.764587] pci_bus 0000:00: root bus resource [mem 0x40000000-0xfdffffff window]
[    0.766243] pci_bus 0000:00: root bus resource [bus 00-ff]
[    0.768907] pci 0000:00:01.1: legacy IDE quirk: reg 0x10: [io  0x01f0-0x01f7]
[    0.770298] pci 0000:00:01.1: legacy IDE quirk: reg 0x14: [io  0x03f6]
[    0.771612] pci 0000:00:01.1: legacy IDE quirk: reg 0x18: [io  0x0170-0x0177]
[    0.773065] pci 0000:00:01.1: legacy IDE quirk: reg 0x1c: [io  0x0376]
[    0.798632] pci 0000:00:07.0: quirk: [io  0x4000-0x403f] claimed by PIIX4 ACPI
[    0.800343] pci 0000:00:07.0: quirk: [io  0x4100-0x410f] claimed by PIIX4 SMB
[    0.806811] ACPI: PCI Interrupt Link [LNKA] (IRQs 5 9 10 *11)
[    0.808637] ACPI: PCI Interrupt Link [LNKB] (IRQs 5 9 *10 11)
[    0.810268] ACPI: PCI Interrupt Link [LNKC] (IRQs 5 *9 10 11)
[    0.811878] ACPI: PCI Interrupt Link [LNKD] (IRQs 5 9 10 *11)
[    0.813595] ACPI: Enabled 2 GPEs in block 00 to 07
[    0.820545] vgaarb: setting as boot device: PCI:0000:00:02.0
[    0.821758] vgaarb: device added: PCI:0000:00:02.0,decodes=io+mem,owns=io+mem,locks=none
[    0.823453] vgaarb: loaded
[    0.824164] vgaarb: bridge control possible 0000:00:02.0
[    0.825568] SCSI subsystem initialized
[    0.826556] ACPI: bus type USB registered
[    0.827574] usbcore: registered new interface driver usbfs
[    0.828751] usbcore: registered new interface driver hub
[    0.829882] usbcore: registered new device driver usb
[    0.831254] PCI: Using ACPI for IRQ routing
[    0.832476] NetLabel: Initializing
[    0.833248] NetLabel:  domain hash size = 128
[    0.834251] NetLabel:  protocols = UNLABELED CIPSOv4
[    0.835872] NetLabel:  unlabeled traffic allowed by default
[    0.837315] amd_nb: Cannot enumerate AMD northbridges
[    0.838454] clocksource: Switched to clocksource kvm-clock
[    0.845848] AppArmor: AppArmor Filesystem Enabled
[    0.847002] pnp: PnP ACPI init
[    0.848484] pnp: PnP ACPI: found 3 devices
[    0.858849] clocksource: acpi_pm: mask: 0xffffff max_cycles: 0xffffff, max_idle_ns: 2085701024 ns
[    0.860786] NET: Registered protocol family 2
[    0.861915] TCP established hash table entries: 8192 (order: 4, 65536 bytes)
[    0.863340] TCP bind hash table entries: 8192 (order: 5, 131072 bytes)
[    0.864743] TCP: Hash tables configured (established 8192 bind 8192)
[    0.866055] UDP hash table entries: 512 (order: 2, 16384 bytes)
[    0.867286] UDP-Lite hash table entries: 512 (order: 2, 16384 bytes)
[    0.868595] NET: Registered protocol family 1
[    0.869558] pci 0000:00:00.0: Limiting direct PCI/PCI transfers
[    0.870793] pci 0000:00:01.0: Activating ISA DMA hang workarounds
[    0.872146] Unpacking initramfs...
[    1.105066] Freeing initrd memory: 14832K
[    1.106106] clocksource: tsc: mask: 0xffffffffffffffff max_cycles: 0x255cb6cc5db, max_idle_ns: 440795203504 ns
[    1.108217] platform rtc_cmos: registered platform RTC device (no PNP device found)
[    1.109931] Scanning for low memory corruption every 60 seconds
[    1.111620] audit: initializing netlink subsys (disabled)
[    1.112808] audit: type=2000 audit(1575164537.561:1): initialized
[    1.114276] Initialise system trusted keyring
[    1.115491] HugeTLB registered 2 MB page size, pre-allocated 0 pages
[    1.118124] zbud: loaded
[    1.119191] VFS: Disk quotas dquot_6.6.0
[    1.120058] VFS: Dquot-cache hash table entries: 512 (order 0, 4096 bytes)
[    1.126985] squashfs: version 4.0 (2009/01/31) Phillip Lougher
[    1.128496] fuse init (API version 7.23)
[    1.129579] Key type big_key registered
[    1.130453] Allocating IMA MOK and blacklist keyrings.
[    1.132952] Key type asymmetric registered
[    1.133888] Asymmetric key parser 'x509' registered
[    1.134973] Block layer SCSI generic (bsg) driver version 0.4 loaded (major 249)
[    1.136685] io scheduler noop registered
[    1.137483] io scheduler deadline registered (default)
[    1.138453] io scheduler cfq registered
[    1.139299] pci_hotplug: PCI Hot Plug PCI Core version: 0.5
[    1.140277] pciehp: PCI Express Hot Plug Controller Driver version: 0.4
[    1.141507] ACPI: AC Adapter [AC] (off-line)
[    1.142335] input: Power Button as /devices/LNXSYSTM:00/LNXPWRBN:00/input/input0
[    1.143773] ACPI: Power Button [PWRF]
[    1.144578] input: Sleep Button as /devices/LNXSYSTM:00/LNXSLPBN:00/input/input1
[    1.145970] ACPI: Sleep Button [SLPF]
[    1.146872] GHES: HEST is not enabled!
[    1.147588] ACPI: Battery Slot [BAT0] (battery present)
[    1.148717] Serial: 8250/16550 driver, 32 ports, IRQ sharing enabled
[    1.171776] 00:02: ttyS0 at I/O 0x3f8 (irq = 4, base_baud = 115200) is a 16550A
[    1.175619] Linux agpgart interface v0.103
[    1.178155] loop: module loaded
[    1.179402] scsi host0: ata_piix
[    1.180255] scsi host1: ata_piix
[    1.180967] ata1: PATA max UDMA/33 cmd 0x1f0 ctl 0x3f6 bmdma 0xd000 irq 14
[    1.182113] ata2: PATA max UDMA/33 cmd 0x170 ctl 0x376 bmdma 0xd008 irq 15
[    1.183451] libphy: Fixed MDIO Bus: probed
[    1.184305] tun: Universal TUN/TAP device driver, 1.6
[    1.185316] tun: (C) 1999-2004 Max Krasnyansky <maxk@qualcomm.com>
[    1.186497] PPP generic driver version 2.4.2
[    1.191344] ehci_hcd: USB 2.0 'Enhanced' Host Controller (EHCI) Driver
[    1.199427] ehci-pci: EHCI PCI platform driver
[    1.200268] ehci-platform: EHCI generic platform driver
[    1.201422] ohci_hcd: USB 1.1 'Open' Host Controller (OHCI) Driver
[    1.202477] ohci-pci: OHCI PCI platform driver
[    1.203321] ohci-platform: OHCI generic platform driver
[    1.204299] uhci_hcd: USB Universal Host Controller Interface driver
[    1.205452] i8042: PNP: PS/2 Controller [PNP0303:PS2K,PNP0f03:PS2M] at 0x60,0x64 irq 1,12
[    1.207372] serio: i8042 KBD port at 0x60,0x64 irq 1
[    1.208259] serio: i8042 AUX port at 0x60,0x64 irq 12
[    1.211811] mousedev: PS/2 mouse device common for all mice
[    1.213326] input: AT Translated Set 2 keyboard as /devices/platform/i8042/serio0/input/input2
[    1.218971] rtc_cmos rtc_cmos: rtc core: registered rtc_cmos as rtc0
[    1.219057] rtc_cmos rtc_cmos: alarms up to one day, 114 bytes nvram
[    1.219067] i2c /dev entries driver
[    1.219143] device-mapper: uevent: version 1.0.3
[    1.219217] device-mapper: ioctl: 4.34.0-ioctl (2015-10-28) initialised: dm-devel@redhat.com
[    1.219242] ledtrig-cpu: registered to indicate activity on CPUs
[    1.222894] NET: Registered protocol family 10
[    1.223064] NET: Registered protocol family 17
[    1.223073] Key type dns_resolver registered
[    1.223296] registered taskstats version 1
[    1.223315] Loading compiled-in X.509 certificates
[    1.223880] Loaded X.509 cert 'Build time autogenerated kernel key: 24ad63d1d4c33254da6414eafe38a3477ac7de99'
[    1.223935] zswap: loaded using pool lzo/zbud
[    1.225394] Key type trusted registered
[    1.227718] Key type encrypted registered
[    1.227724] AppArmor: AppArmor sha1 policy hashing enabled
[    1.227727] ima: No TPM chip found, activating TPM-bypass!
[    1.227731] ima: Allocated hash algorithm: sha1
[    1.227746] evm: HMAC attrs: 0x1
[    1.227976]   Magic number: 15:896:709
[    1.228594] rtc_cmos rtc_cmos: setting system clock to 2019-12-01 01:42:13 UTC (1575164533)
[    1.228671] BIOS EDD facility v0.16 2004-Jun-25, 0 devices found
[    1.228672] EDD information not available.
[    1.344484] Freeing unused kernel memory: 1488K
[    1.394721] Write protecting the kernel read-only data: 14336k
[    1.396195] Freeing unused kernel memory: 1608K
[    1.397224] Freeing unused kernel memory: 64K
Loading, please wait...
starting version[    1.410472] random: systemd-udevd: uninitialized urandom read (16 bytes read, 3 bits of entropy available)
 229
[    1.411366] random: udevadm: uninitialized urandom read (16 bytes read, 3 bits of entropy available)
[    1.411392] random: udevadm: uninitialized urandom read (16 bytes read, 3 bits of entropy available)
[    1.418404] random: systemd-udevd: uninitialized urandom read (16 bytes read, 3 bits of entropy available)
[    1.420878] random: systemd-udevd: uninitialized urandom read (16 bytes read, 3 bits of entropy available)
[    1.423401] random: systemd-udevd: uninitialized urandom read (16 bytes read, 3 bits of entropy available)
[    1.423612] random: udevadm: uninitialized urandom read (16 bytes read, 3 bits of entropy available)
[    1.423676] random: udevadm: uninitialized urandom read (16 bytes read, 3 bits of entropy available)
[    1.423903] random: udevadm: uninitialized urandom read (16 bytes read, 3 bits of entropy available)
[    1.423969] random: udevadm: uninitialized urandom read (16 bytes read, 3 bits of entropy available)
[    1.469438] e1000: Intel(R) PRO/1000 Network Driver - version 7.3.21-k8-NAPI
[    1.476204] e1000: Copyright (c) 1999-2006 Intel Corporation.
[    1.481650] Fusion MPT base driver 3.04.20
[    1.482494] Copyright (c) 1999-2008 LSI Corporation
[    1.490697] Fusion MPT SPI Host driver 3.04.20
[    1.498562] mptbase: ioc0: Initiating bringup
[    1.512692] AVX2 version of gcm_enc/dec engaged.
[    1.514771] AES CTR mode by8 optimization enabled
[    1.675001] ioc0: LSI53C1030 A0: Capabilities={Initiator}
[    1.697771] input: ImExPS/2 Generic Explorer Mouse as /devices/platform/i8042/serio1/input/input4
[    3.110603] scsi host2: ioc0: LSI53C1030 A0, FwRev=00000000h, Ports=1, MaxQ=256, IRQ=20
[    4.206677] scsi 2:0:0:0: Direct-Access     VBOX     HARDDISK         1.0  PQ: 0 ANSI: 5
[    4.214585] scsi target2:0:0: Beginning Domain Validation
[    4.220610] scsi target2:0:0: Domain Validation skipping write tests
[    4.224509] scsi target2:0:0: Ending Domain Validation
[    4.227605] scsi target2:0:0: asynchronous
[    4.231266] scsi 2:0:1:0: Direct-Access     VBOX     HARDDISK         1.0  PQ: 0 ANSI: 5
[    4.235814] scsi target2:0:1: Beginning Domain Validation
[    4.239685] scsi target2:0:1: Domain Validation skipping write tests
[    4.242648] scsi target2:0:1: Ending Domain Validation
[    4.244340] scsi target2:0:1: asynchronous
[    4.263422] sd 2:0:0:0: Attached scsi generic sg0 type 0
[    4.264430] sd 2:0:0:0: [sda] 20971520 512-byte logical blocks: (10.7 GB/10.0 GiB)
[    4.276533] sd 2:0:1:0: Attached scsi generic sg1 type 0
[    4.277531] sd 2:0:1:0: [sdb] 20480 512-byte logical blocks: (10.5 MB/10.0 MiB)
[    4.279598] sd 2:0:1:0: [sdb] Write Protect is off
[    4.280827] sd 2:0:1:0: [sdb] Incomplete mode parameter data
[    4.283160] sd 2:0:1:0: [sdb] Assuming drive cache: write through
[    4.285519] sd 2:0:0:0: [sda] Write Protect is off
[    4.287051] sd 2:0:0:0: [sda] Incomplete mode parameter data
[    4.288297] sd 2:0:0:0: [sda] Assuming drive cache: write through
[    4.291000]  sda: sda1
[    4.292083] sd 2:0:1:0: [sdb] Attached SCSI disk
[    4.294783] sd 2:0:0:0: [sda] Attached SCSI disk
[    4.559604] e1000 0000:00:03.0 eth0: (PCI:33MHz:32-bit) 02:af:57:b2:64:eb
[    4.561303] e1000 0000:00:03.0 eth0: Intel(R) PRO/1000 Network Connection
[    4.563257] e1000 0000:00:03.0 enp0s3: renamed from eth0
Begin: Loading e[    5.919814] md: linear personality registered for level -1
ssential drivers ... [    5.977445] md: multipath personality registered for level -4
[    5.980997] md: raid0 personality registered for level 0
[    5.985667] md: raid1 personality registered for level 1
[    6.064077] raid6: sse2x1   gen() 11120 MB/s
[    6.154089] raid6: sse2x1   xor()  8216 MB/s
[    6.224095] raid6: sse2x2   gen() 13288 MB/s
[    6.294746] raid6: sse2x2   xor()  8642 MB/s
[    6.364073] raid6: sse2x4   gen() 15175 MB/s
[    6.434114] raid6: sse2x4   xor() 10699 MB/s
[    6.502639] raid6: avx2x1   gen() 18683 MB/s
[    6.574094] raid6: avx2x2   gen() 25638 MB/s
[    6.644070] raid6: avx2x4   gen() 27369 MB/s
[    6.645129] raid6: using algorithm avx2x4 gen() 27369 MB/s
[    6.646308] raid6: using avx2x2 recovery algorithm
[    6.648727] xor: automatically using best checksumming function:
[    6.686545]    avx       : 22475.000 MB/sec
[    6.688924] async_tx: api initialized (async)
[    6.699443] md: raid6 personality registered for level 6
[    6.700685] md: raid5 personality registered for level 5
[    6.701807] md: raid4 personality registered for level 4
[    6.709021] md: raid10 personality registered for level 10
done.
Begin: Running /scripts/init-premount ... done.
Begin: Mounting root file system ... Begin: Running /scripts/local-top ... done.
Begin: Running /scripts/local-premount ... [    6.749674] Btrfs loaded
Scanning for Btrfs filesystems
done.
Warning: [    6.786482] EXT4-fs (sda1): mounted filesystem with ordered data mode. Opts: (null)
fsck not present, so skipping root file system
done.
Begin: Running /scripts/local-bottom ... done.
Begin: Running /scripts/init-bottom ... done.
[    6.931315] systemd[1]: systemd 229 running in system mode. (+PAM +AUDIT +SELINUX +IMA +APPARMOR +SMACK +SYSVINIT +UTMP +LIBCRYPTSETUP +GCRYPT +GNUTLS +ACL +XZ -LZ4 +SECCOMP +BLKID +ELFUTILS +KMOD -IDN)
[    6.938155] systemd[1]: Detected virtualization oracle.
[    6.940317] systemd[1]: Detected architecture x86-64.

Welcome to [1mUbuntu 16.04.6 LTS[0m!

[    6.945564] systemd[1]: Set hostname to <ubuntu>.
[    6.948631] systemd[1]: Initializing machine ID from random generator.
[    6.950024] systemd[1]: Installed transient /etc/machine-id file.
[    7.096145] systemd[1]: Reached target System Time Synchronized.
[[0;32m  OK  [0m] Reached target System Time Synchronized.
[    7.306887] systemd[1]: Listening on udev Kernel Socket.
[[0;32m  OK  [0m] Listening on udev Kernel Socket.
[    7.350923] systemd[1]: Started Trigger resolvconf update for networkd DNS.
[[0;32m  OK  [0m] Started Trigger resolvconf update for networkd DNS.
[    7.377006] systemd[1]: Listening on udev Control Socket.
[[0;32m  OK  [0m] Listening on udev Control Socket.
[    7.379312] systemd[1]: Listening on LVM2 metadata daemon socket.
[[0;32m  OK  [0m] Listening on LVM2 metadata daemon socket.
[    7.381789] systemd[1]: Listening on LVM2 poll daemon socket.
[[0;32m  OK  [0m] Listening on LVM2 poll daemon socket.
[    7.383892] systemd[1]: Listening on Journal Audit Socket.
[[0;32m  OK  [0m] Listening on Journal Audit Socket.
[    7.385868] systemd[1]: Listening on Journal Socket (/dev/log).
[[0;32m  OK  [0m] Listening on Journal Socket (/dev/log).
[    7.388157] systemd[1]: Created slice User and Session Slice.
[[0;32m  OK  [0m] Created slice User and Session Slice.
[    7.390287] systemd[1]: Set up automount Arbitrary Executable File Formats File System Automount Point.
[[0;32m  OK  [0m] Set up automount Arbitrary Executab...ats File System Automount Point.
[    7.393306] systemd[1]: Listening on Journal Socket.
[[0;32m  OK  [0m] Listening on Journal Socket.
[    7.395076] systemd[1]: Reached target Encrypted Volumes.
[[0;32m  OK  [0m] Reached target Encrypted Volumes.
[    7.396991] systemd[1]: Listening on Device-mapper event daemon FIFOs.
[[0;32m  OK  [0m] Listening on Device-mapper event daemon FIFOs.
[    7.399209] systemd[1]: Reached target Swap.
[[0;32m  OK  [0m] Reached target Swap.
[    7.401072] systemd[1]: Created slice System Slice.
[[0;32m  OK  [0m] Created slice System Slice.
[    7.414981] systemd[1]: Starting Set console keymap...
         Starting Set console keymap...
[    7.583492] systemd[1]: Starting Remount Root and Kernel File Systems...
[    7.598144] EXT4-fs (sda1): re-mounted. Opts: (null)
         Starting Remount Root and Kernel File Systems...
[    7.618162] systemd[1]: Mounting POSIX Message Queue File System...
         Mounting POSIX Message Queue File System...
[    7.621617] systemd[1]: Mounting Debug File System...
         Mounting Debug File System...
[    7.624798] systemd[1]: Starting Create list of required static device nodes for the current kernel...
         Starting Create list of required st... nodes for the current kernel...
[    7.628750] systemd[1]: Mounting Huge Pages File System...
         Mounting Huge Pages File System...
[    7.632302] systemd[1]: Created slice system-serial\x2dgetty.slice.
[[0;32m  OK  [0m] Created slice system-serial\x2dgetty.slice.
[    7.636178] systemd[1]: Reached target Slices.
[[0;32m  OK  [0m] Reached target Slices.
[    7.638560] systemd[1]: Starting Nameserver information manager...
         Starting Nameserver information manager...
[    7.643031] systemd[1]: Starting Load Kernel Modules...
[    7.664302] Loading iSCSI transport class v2.0-870.
         Starting Load Kernel Modules...
[    7.669067] systemd[1]: Starting Monitoring of LVM2 mirrors, snapshots etc. using dmeventd or progress polling...
         Starting Monitoring of LVM2 mirrors... dmeventd or progress polling...
[    7.685614] systemd[1]: Started Forward Password Requests to Wall Directory Watch.
[[0;32m  OK  [0m] Started Forward Password Requests to Wall Directory Watch.
[    7.690574] systemd[1]: Reached target User and Group Name Lookups.
[[0;32m  OK  [0m] Reached target User and Group Name Lookups.
[    7.704714] systemd[1]: Listening on /dev/initctl Compatibility Named Pipe.
[[0;32m  OK  [0m] Listening on /dev/initctl Compatibility Named Pipe.
[    7.707289] systemd[1]: Listening on Syslog Socket.
[    7.708699] iscsi: registered transport (tcp)
[[0;32m  OK  [0m] Listening on Syslog Socket.
[    7.722846] systemd[1]: Starting Journal Service...
         Starting Journal Service...
[    7.739265] systemd[1]: Starting Uncomplicated firewall...
         Starting Uncomplicated firewall...
[    7.743194] systemd[1]: Mounted Debug File System.
[[0;32m  OK  [0m] Mounted Debug File System.
[    7.745313] systemd[1]: Mounted POSIX Message Queue File System.
[[0;32m  OK  [0m] Mounted POSIX Message Queue File System.
[    7.752124] systemd[1]: Mounted Huge Pages File System.
[[0;32m  OK  [0m] Mounted Huge Pages File System.
[    7.754298] iscsi: registered transport (iser)
[    7.754470] systemd[1]: Started Journal Service.
[[0;32m  OK  [0m] Started Journal Service.
[[0;32m  OK  [0m] Started Set console keymap.
[[0;32m  OK  [0m] Started Remount Root and Kernel File Systems.
[[0;32m  OK  [0m] Started Create list of required sta...ce nodes for the current kernel.
[[0;32m  OK  [0m] Started Load Kernel Modules.
[[0;32m  OK  [0m] Started Uncomplicated firewall.
[[0;32m  OK  [0m] Started Nameserver information manager.
[[0;32m  OK  [0m] Started LVM2 metadata daemon.
         Mounting FUSE Control File System...
         Starting Apply Kernel Variables...
         Starting Create Static Device Nodes in /dev...
         Starting Load/Save Random Seed...
         Starting udev Coldplug all Devices...
         Starting Flush Journal to Persistent Storage...
[[0;32m  OK  [0m] Mounted FUSE Control File System.
[[0;32m  OK  [0m] Started Apply Kernel Variables.
[[0;32m  OK  [0m] Started Create Static Device Nodes in /dev.
[[0;32m  OK  [0m] Started Load/Save Random Seed.
[[0;32m  OK  [0m] Started udev Coldplug all Devices.
[[0;32m  OK  [0m] Started Flush Journal to Persistent Storage.
         Starting udev Kernel Device Manager...
[[0;32m  OK  [0m] Started udev Kernel Device Manager.
[[0;32m  OK  [0m] Started Monitoring of LVM2 mirrors,...ng dmeventd or progress polling.
[[0;32m  OK  [0m] Reached target Local File Systems (Pre).
[[0;32m  OK  [0m] Reached target Local File Systems.
         Starting Initial cloud-init job (pre-networking)...
         Starting LSB: AppArmor initialization...
         Starting Commit a transient machine-id on disk...
         Starting Set console font and keymap...
         Starting Tell Plymouth To Write Out Runtime Data...
         Starting Create Volatile Files and Directories...
[[0;32m  OK  [0m] Started Dispatch Password Requests to Console Directory Watch.
[[0;32m  OK  [0m] Started Tell Plymouth To Write Out Runtime Data.
[[0;32m  OK  [0m] Started Commit a transient machine-id on disk.
[[0;32m  OK  [0m] Started Create Volatile Files and Directories.
[[0;32m  OK  [0m] Found device /dev/ttyS0.
         Starting Update UTMP about System Boot/Shutdown...
[[0;32m  OK  [0m] Started Update UTMP about System Boot/Shutdown.
[[0;32m  OK  [0m] Listening on Load/Save RF Kill Switch Status /dev/rfkill Watch.
[    8.797187] cloud-init[475]: Cloud-init v. 19.2-24-ge7881d5c-0ubuntu1~16.04.1 running 'init-local' at Sun, 01 Dec 2019 01:42:21 +0000. Up 8.32 seconds.
[[0;32m  OK  [0m] Started LSB: AppArmor initialization.
[[0;32m  OK  [0m] Started Initial cloud-init job (pre-networking).
[[0;32m  OK  [0m] Reached target Network (Pre).
         Starting Raise network interfaces...
[[0;32m  OK  [0m] Started Set console font and keymap.
[[0;32m  OK  [0m] Created slice system-getty.slice.
[[0;32m  OK  [0m] Started Raise network interfaces.
         Starting Initial cloud-init job (metadata service crawler)...
[[0;32m  OK  [0m] Reached target Network.
[   10.106400] cloud-init[944]: Cloud-init v. 19.2-24-ge7881d5c-0ubuntu1~16.04.1 running 'init' at Sun, 01 Dec 2019 01:42:22 +0000. Up 9.59 seconds.
[   10.109957] cloud-init[944]: ci-info: ++++++++++++++++++++++++++++++++++++++Net device info++++++++++++++++++++++++++++++++++++++
[   10.112297] cloud-init[944]: ci-info: +--------+------+----------------------------+---------------+--------+-------------------+
[   10.114413] cloud-init[944]: ci-info: | Device |  Up  |          Address           |      Mask     | Scope  |     Hw-Address    |
[   10.116378] cloud-init[944]: ci-info: +--------+------+----------------------------+---------------+--------+-------------------+
[   10.118396] cloud-init[944]: ci-info: | enp0s3 | True |         10.0.2.15          | 255.255.255.0 | global | 02:af:57:b2:64:eb |
[   10.135747] cloud-init[944]: ci-info: | enp0s3 | True | fe80::af:57ff:feb2:64eb/64 |       .       |  link  | 02:af:57:b2:64:eb |
[   10.138119] cloud-init[944]: ci-info: |   lo   | True |         127.0.0.1          |   255.0.0.0   |  host  |         .         |
[   10.140438] cloud-init[944]: ci-info: |   lo   | True |          ::1/128           |       .       |  host  |         .         |
[   10.142735] cloud-init[944]: ci-info: +--------+------+----------------------------+---------------+--------+-------------------+
[   10.144875] cloud-init[944]: ci-info: +++++++++++++++++++++++++++Route IPv4 info++++++++++++++++++++++++++++
[   10.146880] cloud-init[944]: ci-info: +-------+-------------+----------+---------------+-----------+-------+
[   10.148777] cloud-init[944]: ci-info: | Route | Destination | Gateway  |    Genmask    | Interface | Flags |
[   10.150740] cloud-init[944]: ci-info: +-------+-------------+----------+---------------+-----------+-------+
[   10.152672] cloud-init[944]: ci-info: |   0   |   0.0.0.0   | 10.0.2.2 |    0.0.0.0    |   enp0s3  |   UG  |
[   10.154598] cloud-init[944]: ci-info: |   1   |   10.0.2.0  | 0.0.0.0  | 255.255.255.0 |   enp0s3  |   U   |
[   10.156507] cloud-init[944]: ci-info: +-------+-------------+----------+---------------+-----------+-------+
[   10.158397] cloud-init[944]: ci-info: +++++++++++++++++++Route IPv6 info+++++++++++++++++++
[   10.160061] cloud-init[944]: ci-info: +-------+-------------+---------+-----------+-------+
[   10.161759] cloud-init[944]: ci-info: | Route | Destination | Gateway | Interface | Flags |
[   10.163444] cloud-init[944]: ci-info: +-------+-------------+---------+-----------+-------+
[   10.165184] cloud-init[944]: ci-info: |   0   |  fe80::/64  |    ::   |   enp0s3  |   U   |
[   10.166885] cloud-init[944]: ci-info: |   3   |   ff00::/8  |    ::   |   enp0s3  |   U   |
[   10.168562] cloud-init[944]: ci-info: +-------+-------------+---------+-----------+-------+
[   10.170287] cloud-init[944]: Generating public/private rsa key pair.
[   10.171747] cloud-init[944]: Your identification has been saved in /etc/ssh/ssh_host_rsa_key.
[   10.173502] cloud-init[944]: Your public key has been saved in /etc/ssh/ssh_host_rsa_key.pub.
[   10.175253] cloud-init[944]: The key fingerprint is:
[   10.176475] cloud-init[944]: SHA256:xeBi9TjGDqlVUNMnAnBe9oCUY6PIbrIMxSaA90MPmKU root@ubuntu-xenial
[   10.178309] cloud-init[944]: The key's randomart image is:
[   10.179570] cloud-init[944]: +---[RSA 2048]----+
[   10.180691] cloud-init[944]: |.  +oo=*X.       |
[   10.181836] cloud-init[944]: |o +.oo*O.Oo .    |
[   10.183007] cloud-init[944]: |.+E+ =Bo*.=o     |
[   10.184155] cloud-init[944]: |. * ++.= o       |
[   10.185337] cloud-init[944]: | =  ..  S        |
[   10.186529] cloud-init[944]: |o o              |
[   10.187685] cloud-init[944]: |o+               |
[   10.188864] cloud-init[944]: |..               |
[   10.189995] cloud-init[944]: |                 |
[   10.191150] cloud-init[944]: +----[SHA256]-----+
[   10.192312] cloud-init[944]: Generating public/private dsa key pair.
[   10.193746] cloud-init[944]: Your identification has been saved in /etc/ssh/ssh_host_dsa_key.
[   10.195351] cloud-init[944]: Your public key has been saved in /etc/ssh/ssh_host_dsa_key.pub.
[   10.196814] cloud-init[944]: The key fingerprint is:
[   10.197819] cloud-init[944]: SHA256:tNbJ10Q2Y2N5d5L1lhTEOosN0AcZ2dZz3XslGAUrbX4 root@ubuntu-xenial
[   10.199267] cloud-init[944]: The key's randomart image is:
[   10.200355] cloud-init[944]: +---[DSA 1024]----+
[   10.201317] cloud-init[944]: |          .oO=&B=|
[   10.202325] cloud-init[944]: |         . =.X*B@|
[   10.203303] cloud-init[944]: |        . o * o=X|
[   10.204282] cloud-init[944]: |       . + * = o.|
[   10.205248] cloud-init[944]: |        S + * E .|
[   10.206247] cloud-init[944]: |       .   o +   |
[   10.207313] cloud-init[944]: |                 |
[   10.208462] cloud-init[944]: |                 |
[   10.209595] cloud-init[944]: |                 |
[   10.212976] cloud-init[944]: +----[SHA256]-----+
[   10.214196] cloud-init[944]: Generating public/private ecdsa key pair.
[   10.215667] cloud-init[944]: Your identification has been saved in /etc/ssh/ssh_host_ecdsa_key.
[   10.217416] cloud-init[944]: Your public key has been saved in /etc/ssh/ssh_host_ecdsa_key.pub.
[[0;32m  OK  [0m] Started Initial cloud-init job (metadata service crawler).
[[0;32m  OK  [0m] Reached target System Initialization.
[[0;32m  OK  [0m] Started Daily apt download activities.
         Starting Socket activation for snappy daemon.
[[0;32m  OK  [0m] Started Daily apt upgrade and clean activities.
[[0;32m  OK  [0m] Listening on UUID daemon activation socket.
[   10.219156] cloud-init[944]: The key fingerprint is:
         Starting LXD - unix socket.
[[0;32m  OK  [0m] Listening on D-Bus System Message Bus Socket.
[[0;32m  OK  [0m] Listening on ACPID Listen Socket.
[[0;32m  OK  [0m] Started Daily Cleanup of Temporary Directories.
[   10.243676] cloud-init[944]: SHA256:utIOZxP1ChF8LNzqsebpVsSxfixXu3dsSzPf++RDz7Q root@ubuntu-xenial
[   10.257785] cloud-init[944]: The key's randomart image is:
[   10.258982] cloud-init[944]: +---[ECDSA 256]---+
[   10.260058] cloud-init[944]: |     o.o         |
[   10.260375] cloud-init[944]: |      +.=        |
[   10.260561] cloud-init[944]: |      .=.o       |
[   10.260751] cloud-init[944]: |      oo+.  .    |
[   10.260941] cloud-init[944]: |     .o=S... .   |
[   10.261133] cloud-init[944]: |      +++.+ .  ..|
[   10.261323] cloud-init[944]: |    .+=o.+   ..B+|
[   10.261516] cloud-init[944]: |    .+=o    . oE@|
[   10.261705] cloud-init[944]: |     =+      . =X|
[   10.261897] cloud-init[944]: +----[SHA256]-----+
[   10.262086] cloud-init[944]: Generating public/private ed25519 key pair.
[   10.262301] cloud-init[944]: Your identification has been saved in /etc/ssh/ssh_host_ed25519_key.
[   10.262488] cloud-init[944]: Your public key has been saved in /etc/ssh/ssh_host_ed25519_key.pub.
[   10.262675] cloud-init[944]: The key fingerprint is:
[   10.262867] cloud-init[944]: SHA256:EfxUkuuJZyVPvU1qV47PoADokA/MPorqOa+YT/NU5Hg root@ubuntu-xenial
[   10.263059] cloud-init[944]: The key's randomart image is:
[   10.263248] cloud-init[944]: +--[ED25519 256]--+
[   10.263438] cloud-init[944]: |       .. .o.    |
[   10.263631] cloud-init[944]: |        ..o.     |
[   10.263821] cloud-init[944]: |   o ....o . .   |
[   10.264013] cloud-init[944]: |    *+. ..+ o . o|
[   10.264399] cloud-init[944]: |   ..=E S+ *   B.|
[   10.264587] cloud-init[944]: |    ooo . * . * +|
[   10.264782] cloud-init[944]: | .o...   o . o = |
[   10.264968] cloud-init[944]: |o+o+        .   o|
[   10.265182] cloud-init[944]: |*==..            |
[   10.265349] cloud-init[944]: +----[SHA256]-----+
[[0;32m  OK  [0m] Reached target Timers.
[[0;32m  OK  [0m] Started ACPI Events Check.
[[0;32m  OK  [0m] Reached target Paths.
[[0;32m  OK  [0m] Reached target Network is Online.
         Starting iSCSI initiator daemon (iscsid)...
[[0;32m  OK  [0m] Reached target Cloud-config availability.
[[0;32m  OK  [0m] Listening on Socket activation for snappy daemon.
[[0;32m  OK  [0m] Listening on LXD - unix socket.
[[0;32m  OK  [0m] Started iSCSI initiator daemon (iscsid).
         Starting Login to default iSCSI targets...
[[0;32m  OK  [0m] Reached target Sockets.
[[0;32m  OK  [0m] Reached target Basic System.
         Starting /etc/rc.local Compatibility...
         Starting Accounts Service...
[[0;32m  OK  [0m] Started Regular background program processing daemon.
         Starting System Logging Service...
         Starting LSB: Record successful boot for GRUB...
         Starting Pollinate to seed the pseudo random number generator...
         Starting LXD - container startup/shutdown...
[[0;32m  OK  [0m] Started FUSE filesystem for LXC.
         Starting LSB: MD monitoring daemon...
[[0;32m  OK  [0m] Started D-Bus System Message Bus.
         Starting Login Service...
         Starting Snappy daemon...
         Starting Virtualbox guest utils...
[[0;32m  OK  [0m] Started ACPI event daemon.
[[0;32m  OK  [0m] Started Deferred execution scheduler.
[[0;32m  OK  [0m] Started System Logging Service.
[[0;32m  OK  [0m] Started /etc/rc.local Compatibility.
[[0;32m  OK  [0m] Started LXD - container startup/shutdown.
[[0;32m  OK  [0m] Started Login to default iSCSI targets.
[[0;32m  OK  [0m] Started LSB: Record successful boot for GRUB.
[[0;32m  OK  [0m] Started LSB: MD monitoring daemon.
         Starting Authenticate and Authorize Users to Run Privileged Tasks...
[[0;32m  OK  [0m] Reached target Remote File Systems (Pre).
[[0;32m  OK  [0m] Reached target Remote File Systems.
         Starting Permit User Sessions...
         Starting LSB: daemon to balance interrupts for SMP systems...
         Starting LSB: Set the CPU Frequency Scaling governor to "ondemand"...
         Starting LSB: automatic crash report generation...
[[0;32m  OK  [0m] Started Permit User Sessions.
[[0;32m  OK  [0m] Started Login Service.
[[0;32m  OK  [0m] Started Unattended Upgrades Shutdown.
         Starting Terminate Plymouth Boot Screen...
         Starting Hold until boot process finishes up...
[[0;32m  OK  [0m] Started Virtualbox guest utils.
[[0;32m  OK  [0m] Started LSB: daemon to balance interrupts for SMP systems.
[[0;32m  OK  [0m] Started LSB: Set the CPU Frequency Scaling governor to "ondemand".
[[0;32m  OK  [0m] Started LSB: automatic crash report generation.
[[0;32m  OK  [0m] Started Terminate Plymouth Boot Screen.
[[0;32m  OK  [0m] Started Hold until boot process finishes up.
[[0;32m  OK  [0m] Started Authenticate and Authorize Users to Run Privileged Tasks.
[[0;32m  OK  [0m] Started Snappy daemon.
[[0;32m  OK  [0m] Started Accounts Service.
         Starting Wait until snapd is fully seeded...
[[0;32m  OK  [0m] Started Getty on tty1.
[[0;32m  OK  [0m] Started Serial Getty on ttyS0.
[[0;32m  OK  [0m] Reached target Login Prompts.
         Starting Set console scheme...
[[0;32m  OK  [0m] Started Set console scheme.
[[0;32m  OK  [0m] Started Pollinate to seed the pseudo random number generator.
         Starting OpenBSD Secure Shell server...
[[0;32m  OK  [0m] Started OpenBSD Secure Shell server.
[[0;32m  OK  [0m] Created slice User Slice of vagrant.
         Starting User Manager for UID 1000...
[[0;32m  OK  [0m] Started Session 1 of user vagrant.
[[0;32m  OK  [0m] Started User Manager for UID 1000.
[[0;32m  OK  [0m] Started Wait until snapd is fully seeded.
         Starting Apply the settings specified in cloud-config...
[[0;32m  OK  [0m] Reached target Multi-User System.
[[0;32m  OK  [0m] Reached target Graphical Interface.
         Starting Update UTMP about System Runlevel Changes...
[[0;32m  OK  [0m] Started Update UTMP about System Runlevel Changes.
[   13.531298] cloud-init[1391]: Generating locales (this might take a while)...
[   14.282952] cloud-init[1391]:   en_US.UTF-8... done
[   14.301356] cloud-init[1391]: Generation complete.
[   14.578641] cloud-init[1391]: Cloud-init v. 19.2-24-ge7881d5c-0ubuntu1~16.04.1 running 'modules:config' at Sun, 01 Dec 2019 01:42:26 +0000. Up 13.41 seconds.
[[0;32m  OK  [0m] Started Apply the settings specified in cloud-config.
         Starting Execute cloud user/final scripts...
         Stopping User Manager for UID 1000...
[[0;32m  OK  [0m] Stopped User Manager for UID 1000.
[[0;32m  OK  [0m] Removed slice User Slice of vagrant.
ci-info: no authorized ssh keys fingerprints found for user ubuntu.
<14>Dec  1 01:42:27 ec2: 
<14>Dec  1 01:42:27 ec2: #############################################################
<14>Dec  1 01:42:27 ec2: -----BEGIN SSH HOST KEY FINGERPRINTS-----
<14>Dec  1 01:42:27 ec2: 1024 SHA256:tNbJ10Q2Y2N5d5L1lhTEOosN0AcZ2dZz3XslGAUrbX4 root@ubuntu-xenial (DSA)
<14>Dec  1 01:42:27 ec2: 256 SHA256:utIOZxP1ChF8LNzqsebpVsSxfixXu3dsSzPf++RDz7Q root@ubuntu-xenial (ECDSA)
<14>Dec  1 01:42:27 ec2: 256 SHA256:EfxUkuuJZyVPvU1qV47PoADokA/MPorqOa+YT/NU5Hg root@ubuntu-xenial (ED25519)
<14>Dec  1 01:42:27 ec2: 2048 SHA256:xeBi9TjGDqlVUNMnAnBe9oCUY6PIbrIMxSaA90MPmKU root@ubuntu-xenial (RSA)
<14>Dec  1 01:42:27 ec2: -----END SSH HOST KEY FINGERPRINTS-----
<14>Dec  1 01:42:27 ec2: #############################################################
-----BEGIN SSH HOST KEY KEYS-----
ecdsa-sha2-nistp256 AAAAE2VjZHNhLXNoYTItbmlzdHAyNTYAAAAIbmlzdHAyNTYAAABBBOcWSoXyC7CWZZg6hog9J0wUNojUtyfWD0zxL0cEEI3VSbouxdYY0Tl72TgpMuaCDWl8CwfhFg3AG/RnxT1F31g= root@ubuntu-xenial
ssh-ed25519 AAAAC3NzaC1lZDI1NTE5AAAAIJ1WJ3tLyDOtEQAJoJ/ItgM/02imLjcrzkAexKPr10i3 root@ubuntu-xenial
ssh-rsa AAAAB3NzaC1yc2EAAAADAQABAAABAQCf1hmYldVTNEJ4yIhFyhnBV6/lk02qTzaqq/+zRbHBF6XEKH0MnDFdr1UX1OTv1bYiCfg/vl1CvHyi3uPyVyUht0/opd96+agcUWayNO6YZjQR7vqmfDvxwu7KASn28+F57kKiTW9c0mulguAAu8lX/Jzkw7zZKF8ifoyBAXoECWM54HG6dCQAq2+Wj6AqA9LzFV+8vsJQYRaMO0g1BfQrfvonkXg6O/IFKZ1cYN3sDwmmJOs8wS5MHzDoM4zl8RtTLsvKFbUgO52WksO7C8wtAebU6/h6XzzGrJab6KqChvrlooXKoNK85hElR6hVuDimGRYHUQ9PBUCe86f5UBL5 root@ubuntu-xenial
-----END SSH HOST KEY KEYS-----
[   15.198271] cloud-init[1508]: Cloud-init v. 19.2-24-ge7881d5c-0ubuntu1~16.04.1 running 'modules:final' at Sun, 01 Dec 2019 01:42:27 +0000. Up 14.91 seconds.
[   15.200488] cloud-init[1508]: ci-info: no authorized ssh keys fingerprints found for user ubuntu.
[   15.202173] cloud-init[1508]: Cloud-init v. 19.2-24-ge7881d5c-0ubuntu1~16.04.1 finished at Sun, 01 Dec 2019 01:42:28 +0000. Datasource DataSourceNoCloud [seed=/dev/sdb][dsmode=net].  Up 15.19 seconds
[[0;32m  OK  [0m] Created slice User Slice of vagrant.
         Starting User Manager for UID 1000...
[[0;32m  OK  [0m] Started User Manager for UID 1000.
[[0;32m  OK  [0m] Started Execute cloud user/final scripts.
[[0;32m  OK  [0m] Started Session 2 of user vagrant.
[[0;32m  OK  [0m] Reached target Cloud-init target.

Ubuntu 16.04.6 LTS ubuntu-xenial ttyS0

ubuntu-xenial login: [[0;32m  OK  [0m] Stopped target Cloud-init target.
[[0;32m  OK  [0m] Stopped target Timers.
[[0;32m  OK  [0m] Stopped Daily apt upgrade and clean activities.
[[0;32m  OK  [0m] Stopped target Graphical Interface.
         Stopping Accounts Service...
         Stopping Authenticate and Authorize Users to Run Privileged Tasks...
[[0;32m  OK  [0m] Closed Load/Save RF Kill Switch Status /dev/rfkill Watch.
                  Stopping LSB: Record successful boot for GRUB...
         Stopping D-Bus System Message Bus...
[[0;32m  OK  [0m] Stopped Apply the settings specified in cloud-config.
[[0;32m  OK  [0m] Stopped target Cloud-config availability.
[[0;32m  OK  [0m] Stopped Wait until snapd is fully seeded.
[[0;32m  OK  [0m] Unmounted /var/lib/lxcfs.
[[0;32m  OK  [0m] Stopped Accounts Service.
[[0;32m  OK  [0m] Stopped Regular background program processing daemon.
[[0;32m  OK  [0m] Stopped System Logging Service.
[[0;32m  OK  [0m] Stopped ACPI event daemon.
[[0;32m  OK  [0m] Stopped Deferred execution scheduler.
[[0;32m  OK  [0m] Stopped Authenticate and Authorize Users to Run Privileged Tasks.
[[0;32m  OK  [0m] Stopped Unattended Upgrades Shutdown.
[[0;32m  OK  [0m] Stopped Getty on tty1.
[[0;32m  OK  [0m] Stopped Serial Getty on ttyS0.
[[0;32m  OK  [0m] Stopped OpenBSD Secure Shell server.
[[0;32m  OK  [0m] Stopped User Manager for UID 1000.
[[0;32m  OK  [0m] Stopped Session 3 of user vagrant.
[[0;32m  OK  [0m] Stopped D-Bus System Message Bus.
[[0;32m  OK  [0m] Stopped FUSE filesystem for LXC.
[[0;32m  OK  [0m] Stopped LSB: daemon to balance interrupts for SMP systems.
[[0;32m  OK  [0m] Stopped Virtualbox guest utils.
[[0;32m  OK  [0m] Stopped LXD - container startup/shutdown.
[[0;32m  OK  [0m] Stopped LSB: automatic crash report generation.
[[0;32m  OK  [0m] Stopped LSB: MD monitoring daemon.
[[0;32m  OK  [0m] Stopped LSB: Record successful boot for GRUB.
[[0;32m  OK  [0m] Stopped LSB: Set the CPU Frequency Scaling governor to "ondemand".
[[0;32m  OK  [0m] Removed slice User Slice of vagrant.
[[0;32m  OK  [0m] Removed slice system-serial\x2dgetty.slice.
[[0;32m  OK  [0m] Stopped /etc/rc.local Compatibility.
         Stopping Permit User Sessions...
[[0;32m  OK  [0m] Removed slice system-getty.slice.
         Stopping Login Service...
[[0;32m  OK  [0m] Stopped Permit User Sessions.
[[0;32m  OK  [0m] Stopped target Remote File Systems.
[[0;32m  OK  [0m] Stopped target Remote File Systems (Pre).
         Stopping Login to default iSCSI targets...
[[0;32m  OK  [0m] Stopped Login Service.
[[0;32m  OK  [0m] Stopped Login to default iSCSI targets.
         Stopping iSCSI initiator daemon (iscsid)...
[[0;32m  OK  [0m] Stopped target User and Group Name Lookups.
[[0;32m  OK  [0m] Stopped target Basic System.
[[0;32m  OK  [0m] Stopped target Paths.
[[0;32m  OK  [0m] Stopped ACPI Events Check.
[[0;32m  OK  [0m] Stopped Dispatch Password Requests to Console Directory Watch.
[[0;32m  OK  [0m] Stopped Forward Password Requests to Wall Directory Watch.
[[0;32m  OK  [0m] Stopped target Slices.
[[0;32m  OK  [0m] Stopped target Sockets.
[[0;32m  OK  [0m] Closed ACPID Listen Socket.
[[0;32m  OK  [0m] Closed D-Bus System Message Bus Socket.
[[0;32m  OK  [0m] Closed Socket activation for snappy daemon.
[[0;32m  OK  [0m] Closed Syslog Socket.
[[0;32m  OK  [0m] Closed UUID daemon activation socket.
[[0;32m  OK  [0m] Closed LXD - unix socket.
[[0;32m  OK  [0m] Removed slice User and Session Slice.
[[0;32m  OK  [0m] Stopped target System Initialization.
[[0;32m  OK  [0m] Stopped Create Volatile Files and Directories.
[[0;32m  OK  [0m] Stopped Commit a transient machine-id on disk.
         Stopping Load/Save Random Seed...
[[0;32m  OK  [0m] Stopped target Encrypted Volumes.
[[0;32m  OK  [0m] Stopped target Swap.
[[0;32m  OK  [0m] Stopped iSCSI initiator daemon (iscsid).
[[0;32m  OK  [0m] Stopped Load/Save Random Seed.
[[0;32m  OK  [0m] Stopped target Network is Online.
[[0;32m  OK  [0m] Stopped Initial cloud-init job (metadata service crawler).
[[0;32m  OK  [0m] Stopped target Network.
         Stopping Raise network interfaces...
[[0;32m  OK  [0m] Stopped Raise network interfaces.
[[0;32m  OK  [0m] Stopped target Network (Pre).
[[0;32m  OK  [0m] Stopped Initial cloud-init job (pre-networking).
[[0;32m  OK  [0m] Stopped target Local File Systems.
         Unmounting /run/user/1000...
         Unmounting /vagrant...
[[0;32m  OK  [0m] Stopped Apply Kernel Variables.
[[0;32m  OK  [0m] Stopped Load Kernel Modules.
[[0;32m  OK  [0m] Unmounted /run/user/1000.
[[0;32m  OK  [0m] Unmounted /vagrant.
[[0;32m  OK  [0m] Reached target Unmount All Filesystems.
[[0;32m  OK  [0m] Stopped target Local File Systems (Pre).
[[0;32m  OK  [0m] Stopped Create Static Device Nodes in /dev.
[[0;32m  OK  [0m] Stopped Remount Root and Kernel File Systems.
[[0;32m  OK  [0m] Reached target Shutdown.
[  207.565367] reboot: Power down
